============================================================
  Generated by:           Genus(TM) Synthesis Solution 22.14-s059_1
  Generated on:           Mar 07 2026  12:24:27 pm
  Module:                 ariscv
  Operating conditions:   PVT_1P1V_0C 
  Interconnect mode:      global
  Area mode:              physical library
============================================================


Path 1: MET (0 ps) Setup Check with Pin uu_dtpath/uu_fetch/pc_ff_reg[2]/CK->D
          Group: clk
     Startpoint: (R) uu_dtpath/uu_mem/o_resultSrc_reg[0]/CK
          Clock: (R) clk
       Endpoint: (F) uu_dtpath/uu_fetch/pc_ff_reg[2]/D
          Clock: (R) clk

                     Capture       Launch     
        Clock Edge:+    1500            0     
       Src Latency:+       0            0     
       Net Latency:+       0 (I)        0 (I) 
           Arrival:=    1500            0     
                                              
             Setup:-      12                  
       Uncertainty:-     100                  
     Required Time:=    1388                  
      Launch Clock:-       0                  
         Data Path:-    1388                  
             Slack:=       0                  

#------------------------------------------------------------------------------------------------------------------
#              Timing Point                Flags   Arc   Edge   Cell     Fanout  Load Trans Delay Arrival Instance 
#                                                                                (fF)  (ps)  (ps)   (ps)  Location 
#------------------------------------------------------------------------------------------------------------------
  uu_dtpath/uu_mem/o_resultSrc_reg[0]/CK   -       -     R     (arrival)    591     -    50     0       0    (-,-) 
  uu_dtpath/uu_mem/o_resultSrc_reg[0]/Q    -       CK->Q R     DFFRHQX1       3   9.0    64    95      95    (-,-) 
  uu_dtpath/uu_wb/g1416/Y                  -       A->Y  F     INVX2          2   6.6    36    34     129    (-,-) 
  uu_dtpath/uu_wb/g1331/Y                  -       B->Y  F     AND2X6        13  23.9    37    43     172    (-,-) 
  uu_dtpath/uu_wb/g1271/Y                  -       A1->Y F     AO22X1         1   2.4    20    51     222    (-,-) 
  uu_dtpath/uu_wb/g1243/Y                  -       A->Y  F     OR2X2         33  51.4   185   138     360    (-,-) 
  uu_dtpath/uu_exec/g6018/Y                -       B0->Y F     AO22X1         1   2.5    22    81     440    (-,-) 
  uu_dtpath/uu_exec/g5935/Y                -       B0->Y R     AOI21X1        2   4.6    70    49     489    (-,-) 
  uu_dtpath/uu_exec/g5789/Y                -       B1->Y F     OAI2BB2X2      8  12.7   108    79     568    (-,-) 
  uu_dtpath/uu_exec/uu_alu/lt_21_38_g856/Y -       A->Y  F     AND2X1         2   3.8    28    45     613    (-,-) 
  uu_dtpath/uu_exec/uu_alu/lt_21_38_g804/Y -       B->Y  F     OR2X1          2   3.8    29    42     656    (-,-) 
  uu_dtpath/uu_exec/uu_alu/lt_21_38_g798/Y -       B->Y  F     OR2X1          2   3.8    29    42     698    (-,-) 
  uu_dtpath/uu_exec/uu_alu/lt_21_38_g785/Y -       B->Y  F     OR2X1          2   4.6    34    45     743    (-,-) 
  uu_dtpath/uu_exec/uu_alu/lt_21_38_g770/Y -       C->Y  R     NOR4X2         1   2.6    59    49     792    (-,-) 
  uu_dtpath/uu_exec/uu_alu/lt_21_38_g769/Y -       D->Y  F     NOR4X1         1   2.5    39    33     825    (-,-) 
  uu_dtpath/uu_exec/uu_alu/g4608/Y         -       B1->Y R     OAI221X1       1   3.0    68    46     871    (-,-) 
  uu_dtpath/uu_exec/uu_alu/g4466/Y         -       C->Y  F     NAND3X2        2   4.5    65    56     927    (-,-) 
  uu_dtpath/uu_exec/uu_alu/g4455/Y         -       A->Y  R     NOR3X2         1   3.0    46    48     975    (-,-) 
  uu_dtpath/uu_exec/uu_alu/g4453/Y         -       B->Y  F     NAND2X2        1   3.8    38    34    1009    (-,-) 
  uu_dtpath/uu_exec/uu_alu/g4451/Y         -       C->Y  R     NOR4X4         1   2.7    44    39    1048    (-,-) 
  uu_dtpath/uu_exec/g6328/Y                -       B->Y  F     CLKXOR2X1      1   3.8    29    53    1101    (-,-) 
  uu_dtpath/uu_exec/g2236/Y                -       A1->Y R     OAI21X4        2   6.1    33    28    1129    (-,-) 
  uu_dtpath/g691/Y                         -       A->Y  R     BUFX16        96 149.2    72    67    1196    (-,-) 
  uu_dtpath/uu_fetch/g1721/Y               -       A->Y  F     INVX2          1   3.0    26    29    1225    (-,-) 
  uu_dtpath/uu_fetch/g1690/Y               -       B->Y  F     AND2X6        30  44.1    62    54    1280    (-,-) 
  uu_dtpath/uu_fetch/g1595/Y               -       A->Y  R     MXI2XL         1   2.6    75    61    1341    (-,-) 
  uu_dtpath/uu_fetch/g1438/Y               -       B0->Y F     OAI2BB1X1      1   2.4    42    48    1388    (-,-) 
  uu_dtpath/uu_fetch/pc_ff_reg[2]/D        <<<     -     F     DFFRX1         1     -     -     0    1388    (-,-) 
#------------------------------------------------------------------------------------------------------------------

