============================================================
  Generated by:           Genus(TM) Synthesis Solution 22.14-s059_1
  Generated on:           Apr 10 2026  09:19:08 am
  Module:                 ariscv
  Operating conditions:   PVT_0P9V_125C 
  Interconnect mode:      global
  Area mode:              physical library
============================================================

	Timing
	------

 Slack                  Endpoint                   Cost Group  
--------------------------------------------------------------------
   +0ps uu_dtpath/uu_fetch/pc_plus4_ff_reg[30]/D CAPTURE_PC_FD 


	Area
	----

Instance Module  Cell Count  Cell Area  Net Area   Total Area 
--------------------------------------------------------------
ariscv                 5227   5172.151  4021.819     9193.970 

	Design Rule Check
	-----------------

Max_transition design rule: no violations.

Max_capacitance design rule: no violations.



