============================================================
  Generated by:           Genus(TM) Synthesis Solution 22.14-s059_1
  Generated on:           Mar 04 2026  10:25:17 pm
  Module:                 ariscv
  Operating conditions:   PVT_1P1V_0C 
  Interconnect mode:      global
  Area mode:              physical library
============================================================

        Instance                              Module                        Cell Count  Cell Area  Net Area   Total Area 
-------------------------------------------------------------------------------------------------------------------------
ariscv                                                                            4991   4634.699  3840.077     8474.776 
  uu_ctrlpath           ariscv_ctrlpath_NBW_ACLK6_DELAY_PC_FD12_DELAY_FD_D         204     97.470    78.546      176.016 
    uu_cell_DE          wchb_cell_INIT1h0_309                                        5      2.907     1.228        4.135 
      uu_c_element      c_element_INIT0_299                                          4      2.736     0.819        3.555 
    uu_cell_EM          wchb_cell_INIT1h0_308                                        5      2.907     1.228        4.135 
      uu_c_element      c_element_INIT0_298                                          4      2.736     0.819        3.555 
    uu_cell_FD          wchb_cell_INIT1h0                                            5      2.907     1.228        4.135 
      uu_c_element      c_element_INIT0                                              4      2.736     0.819        3.555 
    uu_cell_LOOP1       wchb_cell_INIT1h0_306                                        5      2.907     1.228        4.135 
      uu_c_element      c_element_INIT0_296                                          4      2.736     0.819        3.555 
    uu_cell_LOOP2       wchb_cell_INIT1h0_305                                        5      2.907     1.228        4.135 
      uu_c_element      c_element_INIT0_295                                          4      2.736     0.819        3.555 
    uu_cell_MW          wchb_cell_INIT1h0_307                                        5      2.907     1.228        4.135 
      uu_c_element      c_element_INIT0_297                                          4      2.736     0.819        3.555 
    uu_cell_PC          wchb_cell_INIT1h1                                            5      2.907     1.228        4.135 
      uu_c_element      c_element_INIT1                                              4      2.736     0.819        3.555 
    uu_cell_REG         wchb_cell_INIT1h1_310                                        5      2.907     1.228        4.135 
      uu_c_element      c_element_INIT1_302                                          4      2.736     0.819        3.555 
    uu_dly_DE_EM        delay_DELAY31                                               31     13.252    12.283       25.535 
    uu_dly_DE_PC        delay_DELAY44                                               44     18.810    17.605       36.415 
    uu_dly_EM_MW        delay_DELAY5                                                 5      2.138     1.638        3.775 
    uu_dly_FD_J2        delay_DELAY24                                               24     10.260     9.417       19.677 
    uu_dly_L1_L2        delay_DELAY1_304                                             1      0.427     0.000        0.427 
    uu_dly_L2_J1        delay_DELAY1_303                                             1      0.427     0.000        0.427 
    uu_dly_MW_REG       delay_DELAY15                                               15      6.412     5.732       12.144 
    uu_dly_PC_FD        delay_DELAY12                                               12      5.130     4.504        9.634 
    uu_dly_PC_L1        delay_DELAY1                                                 1      0.427     0.000        0.427 
    uu_dly_REG_J2       delay_DELAY14                                               14      5.985     5.322       11.307 
    uu_fork_F1          wchb_fork_INIT0                                              4      2.736     0.819        3.555 
      uu_c_element_fork c_element_INIT0_301                                          4      2.736     0.819        3.555 
    uu_fork_F2          wchb_fork_INIT0_311                                          4      2.736     0.819        3.555 
      uu_c_element_fork c_element_INIT0_294                                          4      2.736     0.819        3.555 
    uu_join_J1          wchb_join_INIT0                                              4      2.736     0.819        3.555 
      uu_c_element_join c_element_INIT0_300                                          4      2.736     0.819        3.555 
    uu_join_J2          wchb_join_INIT0_312                                          4      2.736     0.819        3.555 
      uu_c_element_join c_element_INIT0_293                                          4      2.736     0.819        3.555 
  uu_dtpath             ariscv_dtpath_NBW_ACLK6_NBW_INST32_NBW_REGISTER32_        4787   4537.229  3662.461     8199.690 
    uu_dec              ariscv_dec_NBW_INST32_NBW_PC32_NBW_REGISTER32_NBW_        3008   3176.496  2184.111     5360.607 
      uu_ctrl_unit      ctrl_unit                                                   39     16.843    15.222       32.066 
      uu_extend         extend_NBW_INST32_NBW_REGISTER32                            47     21.204    18.120       39.324 
      uu_reg_file       reg_file_NBW_ADDR5_NBW_DATA32                             2745   2865.191  2101.953     4967.144 
    uu_exec             ariscv_exec_NBW_PC32_NBW_REGISTER32_NBW_ADDR5             1363    818.833   825.920     1644.754 
      uu_alu            alu_NBW_DATA32                                            1028    502.654   655.601     1158.255 
    uu_fetch            ariscv_fetch_NBW_INST32_NBW_PC32                           177    244.188    37.215      281.403 
    uu_mem              ariscv_mem_NBW_REGISTER32_NBW_ADDR5_NBW_PC32               136    216.144     0.000      216.144 
    uu_wb               ariscv_wb_NBW_REGISTER32_NBW_PC32_NBW_ADDR5                103     81.567    54.401      135.968 
