============================================================
  Generated by:           Genus(TM) Synthesis Solution 22.14-s059_1
  Generated on:           Mar 07 2026  11:36:02 am
  Module:                 ariscv
  Operating conditions:   PVT_1P1V_0C 
  Interconnect mode:      global
  Area mode:              physical library
============================================================

                                
   Gate     Instances    Area       Library    
-----------------------------------------------
ADDFX1             22    28.215    fast_vdd1v0 
ADDHX1             20    18.810    fast_vdd1v0 
AND2X1            474   162.108    fast_vdd1v0 
AND2X2             66    28.215    fast_vdd1v0 
AND2X6              8     7.524    fast_vdd1v0 
AND3X2              2     1.368    fast_vdd1v0 
AND3XL              2     1.026    fast_vdd1v0 
AO21X1              4     2.394    fast_vdd1v0 
AO21X2              1     0.684    fast_vdd1v0 
AO22X1             74    50.616    fast_vdd1v0 
AO22X4              1     0.941    fast_vdd1v0 
AOI211X1            1     0.599    fast_vdd1v0 
AOI211XL            1     0.513    fast_vdd1v0 
AOI21X1            17     7.268    fast_vdd1v0 
AOI221X1           81    48.479    fast_vdd1v0 
AOI222X1           66    50.787    fast_vdd1v0 
AOI22X1           901   462.213    fast_vdd1v0 
AOI2BB1X1          35    17.955    fast_vdd1v0 
AOI32X1             7     4.190    fast_vdd1v0 
BUFX2             153    65.407    fast_vdd1v0 
CLKAND2X12          2     3.762    fast_vdd1v0 
CLKAND2X6           1     1.197    fast_vdd1v0 
CLKINVX4            2     0.855    fast_vdd1v0 
CLKMX2X2            1     0.769    fast_vdd1v0 
CLKMX2X4            1     1.026    fast_vdd1v0 
CLKXOR2X1          41    28.044    fast_vdd1v0 
DFFRHQX1          538   827.982    fast_vdd1v0 
DFFRHQX4            9    21.546    fast_vdd1v0 
INVX1              81    13.851    fast_vdd1v0 
INVX2              13     3.335    fast_vdd1v0 
INVX3               3     1.026    fast_vdd1v0 
INVXL               8     1.368    fast_vdd1v0 
MX2X1             219   131.072    fast_vdd1v0 
MX3XL               4     4.788    fast_vdd1v0 
MXI2XL             85    50.873    fast_vdd1v0 
NAND2BX1           56    19.152    fast_vdd1v0 
NAND2BX2            5     2.993    fast_vdd1v0 
NAND2BX4            3     2.821    fast_vdd1v0 
NAND2BXL            2     0.684    fast_vdd1v0 
NAND2X1            64    16.416    fast_vdd1v0 
NAND2X2             6     2.565    fast_vdd1v0 
NAND2X4             4     3.420    fast_vdd1v0 
NAND3BX1            1     0.513    fast_vdd1v0 
NAND3BXL            6     2.565    fast_vdd1v0 
NAND3X1             3     1.282    fast_vdd1v0 
NAND3X2             1     0.684    fast_vdd1v0 
NAND4BX1            2     1.197    fast_vdd1v0 
NAND4X1           128    65.664    fast_vdd1v0 
NAND4XL             6     2.565    fast_vdd1v0 
NOR2BX1            72    24.624    fast_vdd1v0 
NOR2BX4             2     1.881    fast_vdd1v0 
NOR2X1             87    22.316    fast_vdd1v0 
NOR2X2              3     1.282    fast_vdd1v0 
NOR2X4              3     2.308    fast_vdd1v0 
NOR3BX1             3     1.539    fast_vdd1v0 
NOR3X1              2     0.855    fast_vdd1v0 
NOR4BBX1            1     0.684    fast_vdd1v0 
NOR4BX1             2     1.197    fast_vdd1v0 
NOR4X1              2     0.855    fast_vdd1v0 
OA21X1              6     3.078    fast_vdd1v0 
OA21X2              1     0.769    fast_vdd1v0 
OA22X1             15     8.978    fast_vdd1v0 
OAI211X1           18     7.695    fast_vdd1v0 
OAI21X1            41    17.527    fast_vdd1v0 
OAI221X1            7     4.190    fast_vdd1v0 
OAI222X1           30    20.520    fast_vdd1v0 
OAI22X1             9     4.617    fast_vdd1v0 
OAI2BB1X1         157    67.117    fast_vdd1v0 
OAI31X1             1     0.513    fast_vdd1v0 
OAI32X1             3     1.796    fast_vdd1v0 
OR2X1              92    31.464    fast_vdd1v0 
OR2X2               1     0.427    fast_vdd1v0 
OR2X6              57    53.608    fast_vdd1v0 
OR3X1               2     1.026    fast_vdd1v0 
OR3XL               3     1.539    fast_vdd1v0 
OR4X1               6     3.078    fast_vdd1v0 
SDFFRHQX1        1024  2101.248    fast_vdd1v0 
TLATX1             11    15.048    fast_vdd1v0 
TLATXL              1     1.368    fast_vdd1v0 
XNOR2X1            90    53.865    fast_vdd1v0 
-----------------------------------------------
total            4983  4630.338                


                                         
     Type      Instances   Area   Area % 
-----------------------------------------
sequential          1583 2967.192   64.1 
inverter             107   20.434    0.4 
buffer               153   65.407    1.4 
logic               3140 1577.304   34.1 
physical_cells         0    0.000    0.0 
-----------------------------------------
total               4983 4630.338  100.0 

