============================================================
  Generated by:           Genus(TM) Synthesis Solution 22.14-s059_1
  Generated on:           Apr 10 2026  09:19:08 am
  Module:                 ariscv
  Technology libraries:   slow_vdd1v0 1.0
                          physical_cells 
                          slow_vdd1v0 1.0
                          physical_cells 
  Operating conditions:   PVT_0P9V_125C 
  Interconnect mode:      global
  Area mode:              physical library
============================================================

-------------------------------------------------------------------------------
Sequential clock pins with multiple clock waveforms

The following sequential clock pins have multiple clock waveforms from a single 
timing mode driving them.  Timing analysis will use all of the waveforms to     
determine the most pessimistic timing constraints.  The pin attribute           
'propagated_clocks' can be used to analyze which clocks are being used at each  
clock pin.                                                                      

pin:ariscv/uu_dtpath/uu_dec/immExt_ff_reg[0]/CK
pin:ariscv/uu_dtpath/uu_dec/immExt_ff_reg[10]/CK
pin:ariscv/uu_dtpath/uu_dec/immExt_ff_reg[11]/CK
  ... 1568 other warnings in this category.
 Use the -verbose option for more details.
-------------------------------------------------------------------------------

-------------------------------------------------------------------------------
Generated clocks with incompatible options

The following generated clocks appear to have incompatible -source and          
-master_clock options.  The -master_clock option is overriding the -source      
option in this case.  Check the 'propagated_clocks' attribute at the source     
point.                                                                          

clock:ariscv/CAPTURE_DE_PC
 whose generation source point is
 hpin:ariscv/uu_ctrlpath/uu_cell_PC/uu_c_element/a
 and whose master clock is
 clock:ariscv/ACLK_DE_2
clock:ariscv/CAPTURE_FD_DE
 whose generation source point is
 hpin:ariscv/uu_ctrlpath/uu_cell_DE/uu_c_element/a
 and whose master clock is
 clock:ariscv/ACLK_FD_1
clock:ariscv/CAPTURE_REG_DE
 whose generation source point is
 hpin:ariscv/uu_ctrlpath/uu_cell_DE/uu_c_element/a
 and whose master clock is
 clock:ariscv/ACLK_REG_5
  ... 7 other warnings in this category.
 Use the -verbose option for more details.
-------------------------------------------------------------------------------

-------------------------------------------------------------------------------
Timing exceptions with no effect

The following timing exceptions are not currently affecting timing in the       
design.  Either no paths in the design satisfy the exception's path             
specification, or all paths that satisfy the path specification also satisfy an 
exception with a higher priority.  You can improve runtime and memory usage by  
removing these exceptions if they are not truly needed.  To see if there is a   
path in the design that satisfies the path specification for an exception, or   
to see what other exception is overriding an exception because of priority, use 
the command:                                                                    
  report timing -paths [eval [::legacy::get_attribute paths <exception>]]

exception:ariscv/DUMMY_LOOP1
exception:ariscv/DUMMY_LOOP2
exception:ariscv/EPC_F1_ack0
  ... 20 other warnings in this category.
 Use the -verbose option for more details.
-------------------------------------------------------------------------------

-------------------------------------------------------------------------------
Inputs without clocked external delays

The following primary inputs have no clocked external delays.  As a result the  
timing paths leading from the ports have no timing constraints derived from     
clock waveforms.  The'external_delay' command is used to create new external    
delays.                                                                         

port:ariscv/rst_async_n
-------------------------------------------------------------------------------

-------------------------------------------------------------------------------
Inputs without external driver/transition

The following primary inputs have no external driver or input transition set.   
As a result the transition on the ports will be assumed as zero. The            
'external_driver' attribute is used to add and external driver or the           
'fixed_slew' attribute to add an external transition.                           

port:ariscv/i_inst[0]
port:ariscv/i_inst[10]
port:ariscv/i_inst[11]
  ... 62 other warnings in this category.
 Use the -verbose option for more details.
-------------------------------------------------------------------------------

-------------------------------------------------------------------------------
Outputs without external load

The following primary outputs have no external load set. As a result the load   
on the ports will be assumed as zero. The 'external_pin_cap' attribute is used  
to add and external pin cap.                                                    

port:ariscv/o_memWrite
port:ariscv/o_mem_clk
port:ariscv/o_pc[0]
  ... 98 other warnings in this category.
 Use the -verbose option for more details.
-------------------------------------------------------------------------------

-------------------------------------------------------------------------------
Exceptions with invalid timing start-/endpoints

The following timing exceptions have -from points that are not valid timing     
startpoints or -to points that are not valid timing endpoints.  If the          
exception was intended to constrain paths that pass through these points, the   
-through option should be used instead when creating the timing exception.  If  
these points were specified inadvertantly, the exception should be re-written   
to not include them.  Currently these exception points are being ignored.       

exception:ariscv/dis_8
    invalid to points:
        hpin:ariscv/uu_ctrlpath/uu_cell_DE/uu_c_element/a
        hpin:ariscv/uu_ctrlpath/uu_cell_DE/uu_c_element/b
        hpin:ariscv/uu_ctrlpath/uu_cell_DE/uu_c_element/rst_n
        hpin:ariscv/uu_ctrlpath/uu_cell_EM/uu_c_element/a
        hpin:ariscv/uu_ctrlpath/uu_cell_EM/uu_c_element/b
        hpin:ariscv/uu_ctrlpath/uu_cell_EM/uu_c_element/rst_n
        hpin:ariscv/uu_ctrlpath/uu_cell_FD/uu_c_element/a
        hpin:ariscv/uu_ctrlpath/uu_cell_FD/uu_c_element/b
        hpin:ariscv/uu_ctrlpath/uu_cell_FD/uu_c_element/rst_n
        hpin:ariscv/uu_ctrlpath/uu_cell_LOOP1/uu_c_element/a
        hpin:ariscv/uu_ctrlpath/uu_cell_LOOP1/uu_c_element/b
        hpin:ariscv/uu_ctrlpath/uu_cell_LOOP1/uu_c_element/rst_n
        hpin:ariscv/uu_ctrlpath/uu_cell_LOOP2/uu_c_element/a
        hpin:ariscv/uu_ctrlpath/uu_cell_LOOP2/uu_c_element/b
        hpin:ariscv/uu_ctrlpath/uu_cell_LOOP2/uu_c_element/rst_n
        hpin:ariscv/uu_ctrlpath/uu_cell_MW/uu_c_element/a
        hpin:ariscv/uu_ctrlpath/uu_cell_MW/uu_c_element/b
        hpin:ariscv/uu_ctrlpath/uu_cell_MW/uu_c_element/rst_n
        hpin:ariscv/uu_ctrlpath/uu_cell_PC/uu_c_element/a
        hpin:ariscv/uu_ctrlpath/uu_cell_PC/uu_c_element/b
        hpin:ariscv/uu_ctrlpath/uu_cell_PC/uu_c_element/rst_n
        hpin:ariscv/uu_ctrlpath/uu_cell_REG/uu_c_element/a
        hpin:ariscv/uu_ctrlpath/uu_cell_REG/uu_c_element/b
        hpin:ariscv/uu_ctrlpath/uu_cell_REG/uu_c_element/rst_n
        hpin:ariscv/uu_ctrlpath/uu_fork_F1/uu_c_element_fork/a
        hpin:ariscv/uu_ctrlpath/uu_fork_F1/uu_c_element_fork/b
        hpin:ariscv/uu_ctrlpath/uu_fork_F1/uu_c_element_fork/rst_n
        hpin:ariscv/uu_ctrlpath/uu_fork_F2/uu_c_element_fork/a
        hpin:ariscv/uu_ctrlpath/uu_fork_F2/uu_c_element_fork/b
        hpin:ariscv/uu_ctrlpath/uu_fork_F2/uu_c_element_fork/rst_n
        hpin:ariscv/uu_ctrlpath/uu_join_J1/uu_c_element_join/a
        hpin:ariscv/uu_ctrlpath/uu_join_J1/uu_c_element_join/b
        hpin:ariscv/uu_ctrlpath/uu_join_J1/uu_c_element_join/rst_n
        hpin:ariscv/uu_ctrlpath/uu_join_J2/uu_c_element_join/a
        hpin:ariscv/uu_ctrlpath/uu_join_J2/uu_c_element_join/b
        hpin:ariscv/uu_ctrlpath/uu_join_J2/uu_c_element_join/rst_n
-------------------------------------------------------------------------------


Lint summary
 Unconnected/logic driven clocks                                  0
 Sequential data pins driven by a clock signal                    0
 Sequential clock pins without clock waveform                     0
 Sequential clock pins with multiple clock waveforms           1571
 Generated clocks without clock waveform                          0
 Generated clocks with incompatible options                      10
 Generated clocks with multi-master clock                         0
 Paths constrained with different clocks                          0
 Loop-breaking cells for combinational feedback                   0
 Nets with multiple drivers                                       0
 Timing exceptions with no effect                                23
 Suspicious multi_cycle exceptions                                0
 Pins/ports with conflicting case constants                       0
 Inputs without clocked external delays                           1
 Outputs without clocked external delays                          0
 Inputs without external driver/transition                       65
 Outputs without external load                                  101
 Exceptions with invalid timing start-/endpoints                  1

                                                  Total:       1772
