============================================================
  Generated by:           Genus(TM) Synthesis Solution 22.14-s059_1
  Generated on:           Mar 04 2026  10:25:18 pm
  Module:                 ariscv
  Operating conditions:   PVT_1P1V_0C 
  Interconnect mode:      global
  Area mode:              physical library
============================================================


Path 1: UNCONSTRAINED
     Startpoint: (F) uu_ctrlpath/uu_cell_REG/uu_c_element/s
          Clock: (F) LAUNCH_DE_REG
       Endpoint: (R) uu_ctrlpath/uu_join_J2/uu_c_element_join/s_reg/G

                     Capture    Launch     
        Clock Edge:+       -         0     
       Src Latency:+       -         0     
       Net Latency:+       -         0 (I) 
           Arrival:=       -         0     
                                           
      Launch Clock:-       0               
       Input Delay:-       0               
         Data Path:-     435               

Exceptions/Constraints:
  input_delay              0              create_clock_delay_domain_1_LAUNCH_DE_REG_F_0 

#-------------------------------------------------------------------------------------------------------------------------------------------------
#                             Timing Point                               Flags     Arc   Edge   Cell     Fanout Load Trans Delay Arrival Instance 
#                                                                                                               (fF)  (ps)  (ps)   (ps)  Location 
#-------------------------------------------------------------------------------------------------------------------------------------------------
  uu_ctrlpath/uu_cell_REG/uu_c_element/s                                <<< (i,b) -      F     (arrival)    994  0.0     0     0       0    (-,-) 
  uu_ctrlpath/uu_dly_REG_J2/uu_buffer_in_DONT_TOUCH/Y                   (P)       A->Y   F     BUFX2          1  2.4    12    24      24    (-,-) 
  uu_ctrlpath/uu_dly_REG_J2/buffer_instances[1].uu_buffer_DONT_TOUCH/Y  (P)       A->Y   F     BUFX2          1  2.4    12    26      49    (-,-) 
  uu_ctrlpath/uu_dly_REG_J2/buffer_instances[2].uu_buffer_DONT_TOUCH/Y  (P)       A->Y   F     BUFX2          1  2.4    12    26      75    (-,-) 
  uu_ctrlpath/uu_dly_REG_J2/buffer_instances[3].uu_buffer_DONT_TOUCH/Y  (P)       A->Y   F     BUFX2          1  2.4    12    26     101    (-,-) 
  uu_ctrlpath/uu_dly_REG_J2/buffer_instances[4].uu_buffer_DONT_TOUCH/Y  (P)       A->Y   F     BUFX2          1  2.4    12    26     127    (-,-) 
  uu_ctrlpath/uu_dly_REG_J2/buffer_instances[5].uu_buffer_DONT_TOUCH/Y  (P)       A->Y   F     BUFX2          1  2.4    12    26     153    (-,-) 
  uu_ctrlpath/uu_dly_REG_J2/buffer_instances[6].uu_buffer_DONT_TOUCH/Y  (P)       A->Y   F     BUFX2          1  2.4    12    26     179    (-,-) 
  uu_ctrlpath/uu_dly_REG_J2/buffer_instances[7].uu_buffer_DONT_TOUCH/Y  (P)       A->Y   F     BUFX2          1  2.4    12    26     205    (-,-) 
  uu_ctrlpath/uu_dly_REG_J2/buffer_instances[8].uu_buffer_DONT_TOUCH/Y  (P)       A->Y   F     BUFX2          1  2.4    12    26     231    (-,-) 
  uu_ctrlpath/uu_dly_REG_J2/buffer_instances[9].uu_buffer_DONT_TOUCH/Y  (P)       A->Y   F     BUFX2          1  2.4    12    26     257    (-,-) 
  uu_ctrlpath/uu_dly_REG_J2/buffer_instances[10].uu_buffer_DONT_TOUCH/Y (P)       A->Y   F     BUFX2          1  2.4    12    26     282    (-,-) 
  uu_ctrlpath/uu_dly_REG_J2/buffer_instances[11].uu_buffer_DONT_TOUCH/Y (P)       A->Y   F     BUFX2          1  2.4    12    26     308    (-,-) 
  uu_ctrlpath/uu_dly_REG_J2/buffer_instances[12].uu_buffer_DONT_TOUCH/Y (P)       A->Y   F     BUFX2          1  2.4    12    26     334    (-,-) 
  uu_ctrlpath/uu_dly_REG_J2/buffer_instances[13].uu_buffer_DONT_TOUCH/Y (P)       A->Y   F     BUFX2          1  2.4    12    26     360    (-,-) 
  uu_ctrlpath/uu_join_J2/uu_c_element_join/g59__6783/Y                  -         A->Y   R     XNOR2X1        1  2.4    20    49     409    (-,-) 
  uu_ctrlpath/uu_join_J2/uu_c_element_join/g58__5526/Y                  (i)       A1N->Y R     OAI2BB1X1      1  0.0     0    26     435    (-,-) 
  uu_ctrlpath/uu_join_J2/uu_c_element_join/s_reg/G                      -         -      R     TLATX1         1    -     -     0     435    (-,-) 
#-------------------------------------------------------------------------------------------------------------------------------------------------

(P) : Instance is preserved
(i) : Net is ideal.
(b) : Timing paths are broken.

