============================================================
  Generated by:           Genus(TM) Synthesis Solution 22.14-s059_1
  Generated on:           Mar 07 2026  11:36:03 am
  Module:                 ariscv
  Operating conditions:   PVT_1P1V_0C 
  Interconnect mode:      global
  Area mode:              physical library
============================================================


Path 1: UNCONSTRAINED Setup Check with Pin uu_ctrlpath/uu_join_J1/uu_c_element_join/s_reg/G->D
     Startpoint: (F) uu_ctrlpath/uu_cell_DE/uu_c_element/s
          Clock: (F) LAUNCH_PC_DE
       Endpoint: (F) uu_ctrlpath/uu_join_J1/uu_c_element_join/s_reg/D
          Clock: (R) -

                     Capture    Launch     
        Clock Edge:+       -      1200     
       Src Latency:+       -         0     
       Net Latency:+       -         0 (I) 
           Arrival:=       -      1200     
                                           
             Setup:-      22               
      Launch Clock:-    1200               
       Input Delay:-       0               
         Data Path:-    1167               

Exceptions/Constraints:
  false_path               -              zipped_path_disable_0                        
  input_delay              0              create_clock_delay_domain_1_LAUNCH_PC_DE_F_0 

#-----------------------------------------------------------------------------------------------------------------------------------------------
#                            Timing Point                               Flags    Arc   Edge   Cell     Fanout Load Trans Delay Arrival Instance 
#                                                                                                             (fF)  (ps)  (ps)   (ps)  Location 
#-----------------------------------------------------------------------------------------------------------------------------------------------
  uu_ctrlpath/uu_cell_DE/uu_c_element/s                                <<< (i,b) -     F     (arrival)    181  0.0     0     0    1200    (-,-) 
  uu_ctrlpath/uu_dly_DE_PC/uu_buffer_in_DONT_TOUCH/Y                   (P)       A->Y  F     BUFX2          1  2.4    12    24    1224    (-,-) 
  uu_ctrlpath/uu_dly_DE_PC/buffer_instances[1].uu_buffer_DONT_TOUCH/Y  (P)       A->Y  F     BUFX2          1  2.4    12    26    1249    (-,-) 
  uu_ctrlpath/uu_dly_DE_PC/buffer_instances[2].uu_buffer_DONT_TOUCH/Y  (P)       A->Y  F     BUFX2          1  2.4    12    26    1275    (-,-) 
  uu_ctrlpath/uu_dly_DE_PC/buffer_instances[3].uu_buffer_DONT_TOUCH/Y  (P)       A->Y  F     BUFX2          1  2.4    12    26    1301    (-,-) 
  uu_ctrlpath/uu_dly_DE_PC/buffer_instances[4].uu_buffer_DONT_TOUCH/Y  (P)       A->Y  F     BUFX2          1  2.4    12    26    1327    (-,-) 
  uu_ctrlpath/uu_dly_DE_PC/buffer_instances[5].uu_buffer_DONT_TOUCH/Y  (P)       A->Y  F     BUFX2          1  2.4    12    26    1353    (-,-) 
  uu_ctrlpath/uu_dly_DE_PC/buffer_instances[6].uu_buffer_DONT_TOUCH/Y  (P)       A->Y  F     BUFX2          1  2.4    12    26    1379    (-,-) 
  uu_ctrlpath/uu_dly_DE_PC/buffer_instances[7].uu_buffer_DONT_TOUCH/Y  (P)       A->Y  F     BUFX2          1  2.4    12    26    1405    (-,-) 
  uu_ctrlpath/uu_dly_DE_PC/buffer_instances[8].uu_buffer_DONT_TOUCH/Y  (P)       A->Y  F     BUFX2          1  2.4    12    26    1431    (-,-) 
  uu_ctrlpath/uu_dly_DE_PC/buffer_instances[9].uu_buffer_DONT_TOUCH/Y  (P)       A->Y  F     BUFX2          1  2.4    12    26    1457    (-,-) 
  uu_ctrlpath/uu_dly_DE_PC/buffer_instances[10].uu_buffer_DONT_TOUCH/Y (P)       A->Y  F     BUFX2          1  2.4    12    26    1482    (-,-) 
  uu_ctrlpath/uu_dly_DE_PC/buffer_instances[11].uu_buffer_DONT_TOUCH/Y (P)       A->Y  F     BUFX2          1  2.4    12    26    1508    (-,-) 
  uu_ctrlpath/uu_dly_DE_PC/buffer_instances[12].uu_buffer_DONT_TOUCH/Y (P)       A->Y  F     BUFX2          1  2.4    12    26    1534    (-,-) 
  uu_ctrlpath/uu_dly_DE_PC/buffer_instances[13].uu_buffer_DONT_TOUCH/Y (P)       A->Y  F     BUFX2          1  2.4    12    26    1560    (-,-) 
  uu_ctrlpath/uu_dly_DE_PC/buffer_instances[14].uu_buffer_DONT_TOUCH/Y (P)       A->Y  F     BUFX2          1  2.4    12    26    1586    (-,-) 
  uu_ctrlpath/uu_dly_DE_PC/buffer_instances[15].uu_buffer_DONT_TOUCH/Y (P)       A->Y  F     BUFX2          1  2.4    12    26    1612    (-,-) 
  uu_ctrlpath/uu_dly_DE_PC/buffer_instances[16].uu_buffer_DONT_TOUCH/Y (P)       A->Y  F     BUFX2          1  2.4    12    26    1638    (-,-) 
  uu_ctrlpath/uu_dly_DE_PC/buffer_instances[17].uu_buffer_DONT_TOUCH/Y (P)       A->Y  F     BUFX2          1  2.4    12    26    1664    (-,-) 
  uu_ctrlpath/uu_dly_DE_PC/buffer_instances[18].uu_buffer_DONT_TOUCH/Y (P)       A->Y  F     BUFX2          1  2.4    12    26    1690    (-,-) 
  uu_ctrlpath/uu_dly_DE_PC/buffer_instances[19].uu_buffer_DONT_TOUCH/Y (P)       A->Y  F     BUFX2          1  2.4    12    26    1716    (-,-) 
  uu_ctrlpath/uu_dly_DE_PC/buffer_instances[20].uu_buffer_DONT_TOUCH/Y (P)       A->Y  F     BUFX2          1  2.4    12    26    1742    (-,-) 
  uu_ctrlpath/uu_dly_DE_PC/buffer_instances[21].uu_buffer_DONT_TOUCH/Y (P)       A->Y  F     BUFX2          1  2.4    12    26    1767    (-,-) 
  uu_ctrlpath/uu_dly_DE_PC/buffer_instances[22].uu_buffer_DONT_TOUCH/Y (P)       A->Y  F     BUFX2          1  2.4    12    26    1793    (-,-) 
  uu_ctrlpath/uu_dly_DE_PC/buffer_instances[23].uu_buffer_DONT_TOUCH/Y (P)       A->Y  F     BUFX2          1  2.4    12    26    1819    (-,-) 
  uu_ctrlpath/uu_dly_DE_PC/buffer_instances[24].uu_buffer_DONT_TOUCH/Y (P)       A->Y  F     BUFX2          1  2.4    12    26    1845    (-,-) 
  uu_ctrlpath/uu_dly_DE_PC/buffer_instances[25].uu_buffer_DONT_TOUCH/Y (P)       A->Y  F     BUFX2          1  2.4    12    26    1871    (-,-) 
  uu_ctrlpath/uu_dly_DE_PC/buffer_instances[26].uu_buffer_DONT_TOUCH/Y (P)       A->Y  F     BUFX2          1  2.4    12    26    1897    (-,-) 
  uu_ctrlpath/uu_dly_DE_PC/buffer_instances[27].uu_buffer_DONT_TOUCH/Y (P)       A->Y  F     BUFX2          1  2.4    12    26    1923    (-,-) 
  uu_ctrlpath/uu_dly_DE_PC/buffer_instances[28].uu_buffer_DONT_TOUCH/Y (P)       A->Y  F     BUFX2          1  2.4    12    26    1949    (-,-) 
  uu_ctrlpath/uu_dly_DE_PC/buffer_instances[29].uu_buffer_DONT_TOUCH/Y (P)       A->Y  F     BUFX2          1  2.4    12    26    1975    (-,-) 
  uu_ctrlpath/uu_dly_DE_PC/buffer_instances[30].uu_buffer_DONT_TOUCH/Y (P)       A->Y  F     BUFX2          1  2.4    12    26    2000    (-,-) 
  uu_ctrlpath/uu_dly_DE_PC/buffer_instances[31].uu_buffer_DONT_TOUCH/Y (P)       A->Y  F     BUFX2          1  2.4    12    26    2026    (-,-) 
  uu_ctrlpath/uu_dly_DE_PC/buffer_instances[32].uu_buffer_DONT_TOUCH/Y (P)       A->Y  F     BUFX2          1  2.4    12    26    2052    (-,-) 
  uu_ctrlpath/uu_dly_DE_PC/buffer_instances[33].uu_buffer_DONT_TOUCH/Y (P)       A->Y  F     BUFX2          1  2.4    12    26    2078    (-,-) 
  uu_ctrlpath/uu_dly_DE_PC/buffer_instances[34].uu_buffer_DONT_TOUCH/Y (P)       A->Y  F     BUFX2          1  2.4    12    26    2104    (-,-) 
  uu_ctrlpath/uu_dly_DE_PC/buffer_instances[35].uu_buffer_DONT_TOUCH/Y (P)       A->Y  F     BUFX2          1  2.4    12    26    2130    (-,-) 
  uu_ctrlpath/uu_dly_DE_PC/buffer_instances[36].uu_buffer_DONT_TOUCH/Y (P)       A->Y  F     BUFX2          1  2.4    12    26    2156    (-,-) 
  uu_ctrlpath/uu_dly_DE_PC/buffer_instances[37].uu_buffer_DONT_TOUCH/Y (P)       A->Y  F     BUFX2          1  2.4    12    26    2182    (-,-) 
  uu_ctrlpath/uu_dly_DE_PC/buffer_instances[38].uu_buffer_DONT_TOUCH/Y (P)       A->Y  F     BUFX2          1  2.4    12    26    2208    (-,-) 
  uu_ctrlpath/uu_dly_DE_PC/buffer_instances[39].uu_buffer_DONT_TOUCH/Y (P)       A->Y  F     BUFX2          1  2.4    12    26    2234    (-,-) 
  uu_ctrlpath/uu_dly_DE_PC/buffer_instances[40].uu_buffer_DONT_TOUCH/Y (P)       A->Y  F     BUFX2          1  2.4    12    26    2260    (-,-) 
  uu_ctrlpath/uu_dly_DE_PC/buffer_instances[41].uu_buffer_DONT_TOUCH/Y (P)       A->Y  F     BUFX2          1  2.4    12    26    2285    (-,-) 
  uu_ctrlpath/uu_dly_DE_PC/buffer_instances[42].uu_buffer_DONT_TOUCH/Y (P)       A->Y  F     BUFX2          1  2.4    12    26    2311    (-,-) 
  uu_ctrlpath/uu_dly_DE_PC/buffer_instances[43].uu_buffer_DONT_TOUCH/Y (P)       A->Y  F     BUFX2          2  4.0    18    29    2340    (-,-) 
  uu_ctrlpath/uu_join_J1/uu_c_element_join/g60__8428/Y                 -         A->Y  F     AND2X1         1  2.4    19    26    2367    (-,-) 
  uu_ctrlpath/uu_join_J1/uu_c_element_join/s_reg/D                     <<<       -     F     TLATX1         1    -     -     0    2367    (-,-) 
#-----------------------------------------------------------------------------------------------------------------------------------------------

(P) : Instance is preserved
(i) : Net is ideal.
(b) : Timing paths are broken.

