============================================================
  Generated by:           Genus(TM) Synthesis Solution 22.14-s059_1
  Generated on:           Mar 07 2026  11:47:21 am
  Module:                 ariscv
  Operating conditions:   PVT_0P9V_125C 
  Interconnect mode:      global
  Area mode:              physical library
============================================================


Path 1: UNCONSTRAINED Setup Check with Pin uu_ctrlpath/uu_join_J2/uu_c_element_join/s_reg/G->D
     Startpoint: (R) uu_ctrlpath/uu_cell_FD/uu_c_element/s
          Clock: (R) LAUNCH_DE_FD
       Endpoint: (R) uu_ctrlpath/uu_join_J2/uu_c_element_join/s_reg/D
          Clock: (R) -

                     Capture    Launch     
        Clock Edge:+       -      4500     
       Src Latency:+       -         0     
       Net Latency:+       -         0 (I) 
           Arrival:=       -      4500     
                                           
             Setup:-     102               
      Launch Clock:-    4500               
       Input Delay:-       0               
         Data Path:-    2546               

Exceptions/Constraints:
  false_path               -              zipped_path_disable_0                        
  input_delay              0              create_clock_delay_domain_1_LAUNCH_DE_FD_R_0 

#-----------------------------------------------------------------------------------------------------------------------------------------------
#                            Timing Point                               Flags    Arc   Edge   Cell     Fanout Load Trans Delay Arrival Instance 
#                                                                                                             (fF)  (ps)  (ps)   (ps)  Location 
#-----------------------------------------------------------------------------------------------------------------------------------------------
  uu_ctrlpath/uu_cell_FD/uu_c_element/s                                <<< (i,b) -     R     (arrival)     97  0.0     0     0    4500    (-,-) 
  uu_ctrlpath/uu_dly_FD_J2/uu_buffer_in_DONT_TOUCH/Y                   (P)       A->Y  R     BUFX2          1  2.3    39    80    4580    (-,-) 
  uu_ctrlpath/uu_dly_FD_J2/buffer_instances[1].uu_buffer_DONT_TOUCH/Y  (P)       A->Y  R     BUFX2          1  2.3    40   100    4679    (-,-) 
  uu_ctrlpath/uu_dly_FD_J2/buffer_instances[2].uu_buffer_DONT_TOUCH/Y  (P)       A->Y  R     BUFX2          1  2.3    40   100    4780    (-,-) 
  uu_ctrlpath/uu_dly_FD_J2/buffer_instances[3].uu_buffer_DONT_TOUCH/Y  (P)       A->Y  R     BUFX2          1  2.3    40   100    4880    (-,-) 
  uu_ctrlpath/uu_dly_FD_J2/buffer_instances[4].uu_buffer_DONT_TOUCH/Y  (P)       A->Y  R     BUFX2          1  2.3    40   100    4980    (-,-) 
  uu_ctrlpath/uu_dly_FD_J2/buffer_instances[5].uu_buffer_DONT_TOUCH/Y  (P)       A->Y  R     BUFX2          1  2.3    40   100    5080    (-,-) 
  uu_ctrlpath/uu_dly_FD_J2/buffer_instances[6].uu_buffer_DONT_TOUCH/Y  (P)       A->Y  R     BUFX2          1  2.3    40   100    5180    (-,-) 
  uu_ctrlpath/uu_dly_FD_J2/buffer_instances[7].uu_buffer_DONT_TOUCH/Y  (P)       A->Y  R     BUFX2          1  2.3    40   100    5280    (-,-) 
  uu_ctrlpath/uu_dly_FD_J2/buffer_instances[8].uu_buffer_DONT_TOUCH/Y  (P)       A->Y  R     BUFX2          1  2.3    40   100    5380    (-,-) 
  uu_ctrlpath/uu_dly_FD_J2/buffer_instances[9].uu_buffer_DONT_TOUCH/Y  (P)       A->Y  R     BUFX2          1  2.3    40   100    5480    (-,-) 
  uu_ctrlpath/uu_dly_FD_J2/buffer_instances[10].uu_buffer_DONT_TOUCH/Y (P)       A->Y  R     BUFX2          1  2.3    40   100    5580    (-,-) 
  uu_ctrlpath/uu_dly_FD_J2/buffer_instances[11].uu_buffer_DONT_TOUCH/Y (P)       A->Y  R     BUFX2          1  2.3    40   100    5680    (-,-) 
  uu_ctrlpath/uu_dly_FD_J2/buffer_instances[12].uu_buffer_DONT_TOUCH/Y (P)       A->Y  R     BUFX2          1  2.3    40   100    5780    (-,-) 
  uu_ctrlpath/uu_dly_FD_J2/buffer_instances[13].uu_buffer_DONT_TOUCH/Y (P)       A->Y  R     BUFX2          1  2.3    40   100    5881    (-,-) 
  uu_ctrlpath/uu_dly_FD_J2/buffer_instances[14].uu_buffer_DONT_TOUCH/Y (P)       A->Y  R     BUFX2          1  2.3    40   100    5981    (-,-) 
  uu_ctrlpath/uu_dly_FD_J2/buffer_instances[15].uu_buffer_DONT_TOUCH/Y (P)       A->Y  R     BUFX2          1  2.3    40   100    6081    (-,-) 
  uu_ctrlpath/uu_dly_FD_J2/buffer_instances[16].uu_buffer_DONT_TOUCH/Y (P)       A->Y  R     BUFX2          1  2.3    40   100    6181    (-,-) 
  uu_ctrlpath/uu_dly_FD_J2/buffer_instances[17].uu_buffer_DONT_TOUCH/Y (P)       A->Y  R     BUFX2          1  2.3    40   100    6281    (-,-) 
  uu_ctrlpath/uu_dly_FD_J2/buffer_instances[18].uu_buffer_DONT_TOUCH/Y (P)       A->Y  R     BUFX2          1  2.3    40   100    6381    (-,-) 
  uu_ctrlpath/uu_dly_FD_J2/buffer_instances[19].uu_buffer_DONT_TOUCH/Y (P)       A->Y  R     BUFX2          1  2.3    40   100    6481    (-,-) 
  uu_ctrlpath/uu_dly_FD_J2/buffer_instances[20].uu_buffer_DONT_TOUCH/Y (P)       A->Y  R     BUFX2          1  2.3    40   100    6581    (-,-) 
  uu_ctrlpath/uu_dly_FD_J2/buffer_instances[21].uu_buffer_DONT_TOUCH/Y (P)       A->Y  R     BUFX2          1  2.3    40   100    6681    (-,-) 
  uu_ctrlpath/uu_dly_FD_J2/buffer_instances[22].uu_buffer_DONT_TOUCH/Y (P)       A->Y  R     BUFX2          1  2.3    40   100    6782    (-,-) 
  uu_ctrlpath/uu_dly_FD_J2/buffer_instances[23].uu_buffer_DONT_TOUCH/Y (P)       A->Y  R     BUFX2          2  3.8    55   109    6890    (-,-) 
  uu_ctrlpath/uu_join_J2/uu_c_element_join/g60__3680/Y                 -         A->Y  R     AND2X1         1  2.3    63   156    7046    (-,-) 
  uu_ctrlpath/uu_join_J2/uu_c_element_join/s_reg/D                     <<<       -     R     TLATX1         1    -     -     0    7046    (-,-) 
#-----------------------------------------------------------------------------------------------------------------------------------------------

(P) : Instance is preserved
(i) : Net is ideal.
(b) : Timing paths are broken.

