============================================================
  Generated by:           Genus(TM) Synthesis Solution 22.14-s059_1
  Generated on:           Mar 07 2026  11:36:03 am
  Module:                 ariscv
  Operating conditions:   PVT_1P1V_0C 
  Interconnect mode:      global
  Area mode:              physical library
============================================================


Path 1: UNCONSTRAINED Setup Check with Pin uu_ctrlpath/uu_cell_MW/uu_c_element/s_reg/G->D
     Startpoint: (F) uu_ctrlpath/uu_cell_EM/uu_c_element/s
          Clock: (F) ACLK_EM_3
       Endpoint: (F) uu_ctrlpath/uu_cell_MW/uu_c_element/s_reg/D
          Clock: (R) -

                     Capture    Launch     
        Clock Edge:+       -      1200     
       Src Latency:+       -         0     
       Net Latency:+       -         0 (I) 
           Arrival:=       -      1200     
                                           
             Setup:-      22               
      Launch Clock:-    1200               
       Input Delay:-       0               
         Data Path:-     157               

Exceptions/Constraints:
  false_path               -              zipped_path_disable_0                     
  input_delay              0              create_clock_delay_domain_1_ACLK_EM_3_F_0 

#----------------------------------------------------------------------------------------------------------------------------------------------
#                            Timing Point                              Flags    Arc   Edge   Cell     Fanout Load Trans Delay Arrival Instance 
#                                                                                                            (fF)  (ps)  (ps)   (ps)  Location 
#----------------------------------------------------------------------------------------------------------------------------------------------
  uu_ctrlpath/uu_cell_EM/uu_c_element/s                               <<< (i,b) -     F     (arrival)    142  0.0     0     0    1200    (-,-) 
  uu_ctrlpath/uu_dly_EM_MW/uu_buffer_in_DONT_TOUCH/Y                  (P)       A->Y  F     BUFX2          1  2.4    12    24    1224    (-,-) 
  uu_ctrlpath/uu_dly_EM_MW/buffer_instances[1].uu_buffer_DONT_TOUCH/Y (P)       A->Y  F     BUFX2          1  2.4    12    26    1249    (-,-) 
  uu_ctrlpath/uu_dly_EM_MW/buffer_instances[2].uu_buffer_DONT_TOUCH/Y (P)       A->Y  F     BUFX2          1  2.4    12    26    1275    (-,-) 
  uu_ctrlpath/uu_dly_EM_MW/buffer_instances[3].uu_buffer_DONT_TOUCH/Y (P)       A->Y  F     BUFX2          1  2.4    12    26    1301    (-,-) 
  uu_ctrlpath/uu_dly_EM_MW/buffer_instances[4].uu_buffer_DONT_TOUCH/Y (P)       A->Y  F     BUFX2          2  4.0    18    29    1330    (-,-) 
  uu_ctrlpath/uu_cell_MW/uu_c_element/g60__7482/Y                     -         A->Y  F     AND2X1         1  2.4    19    26    1357    (-,-) 
  uu_ctrlpath/uu_cell_MW/uu_c_element/s_reg/D                         <<<       -     F     TLATX1         1    -     -     0    1357    (-,-) 
#----------------------------------------------------------------------------------------------------------------------------------------------

(P) : Instance is preserved
(i) : Net is ideal.
(b) : Timing paths are broken.

