============================================================
  Generated by:           Genus(TM) Synthesis Solution 22.14-s059_1
  Generated on:           Mar 04 2026  10:25:18 pm
  Module:                 ariscv
  Operating conditions:   PVT_1P1V_0C 
  Interconnect mode:      global
  Area mode:              physical library
============================================================


Path 1: UNCONSTRAINED Setup Check with Pin uu_ctrlpath/uu_cell_EM/uu_c_element/s_reg/G->D
     Startpoint: (F) uu_ctrlpath/uu_cell_DE/uu_c_element/s
          Clock: (F) LAUNCH_PC_DE
       Endpoint: (F) uu_ctrlpath/uu_cell_EM/uu_c_element/s_reg/D
          Clock: (R) -

                     Capture    Launch     
        Clock Edge:+       -       700     
       Src Latency:+       -         0     
       Net Latency:+       -         0 (I) 
           Arrival:=       -       700     
                                           
             Setup:-      20               
      Launch Clock:-     700               
       Input Delay:-       0               
         Data Path:-     830               

Exceptions/Constraints:
  false_path               -              zipped_path_disable_0                        
  input_delay              0              create_clock_delay_domain_1_LAUNCH_PC_DE_F_0 

#-----------------------------------------------------------------------------------------------------------------------------------------------
#                            Timing Point                               Flags    Arc   Edge   Cell     Fanout Load Trans Delay Arrival Instance 
#                                                                                                             (fF)  (ps)  (ps)   (ps)  Location 
#-----------------------------------------------------------------------------------------------------------------------------------------------
  uu_ctrlpath/uu_cell_DE/uu_c_element/s                                <<< (i,b) -     F     (arrival)    181  0.0     0     0     700    (-,-) 
  uu_ctrlpath/uu_dly_DE_EM/uu_buffer_in_DONT_TOUCH/Y                   (P)       A->Y  F     BUFX2          1  2.4    12    24     724    (-,-) 
  uu_ctrlpath/uu_dly_DE_EM/buffer_instances[1].uu_buffer_DONT_TOUCH/Y  (P)       A->Y  F     BUFX2          1  2.4    12    26     749    (-,-) 
  uu_ctrlpath/uu_dly_DE_EM/buffer_instances[2].uu_buffer_DONT_TOUCH/Y  (P)       A->Y  F     BUFX2          1  2.4    12    26     775    (-,-) 
  uu_ctrlpath/uu_dly_DE_EM/buffer_instances[3].uu_buffer_DONT_TOUCH/Y  (P)       A->Y  F     BUFX2          1  2.4    12    26     801    (-,-) 
  uu_ctrlpath/uu_dly_DE_EM/buffer_instances[4].uu_buffer_DONT_TOUCH/Y  (P)       A->Y  F     BUFX2          1  2.4    12    26     827    (-,-) 
  uu_ctrlpath/uu_dly_DE_EM/buffer_instances[5].uu_buffer_DONT_TOUCH/Y  (P)       A->Y  F     BUFX2          1  2.4    12    26     853    (-,-) 
  uu_ctrlpath/uu_dly_DE_EM/buffer_instances[6].uu_buffer_DONT_TOUCH/Y  (P)       A->Y  F     BUFX2          1  2.4    12    26     879    (-,-) 
  uu_ctrlpath/uu_dly_DE_EM/buffer_instances[7].uu_buffer_DONT_TOUCH/Y  (P)       A->Y  F     BUFX2          1  2.4    12    26     905    (-,-) 
  uu_ctrlpath/uu_dly_DE_EM/buffer_instances[8].uu_buffer_DONT_TOUCH/Y  (P)       A->Y  F     BUFX2          1  2.4    12    26     931    (-,-) 
  uu_ctrlpath/uu_dly_DE_EM/buffer_instances[9].uu_buffer_DONT_TOUCH/Y  (P)       A->Y  F     BUFX2          1  2.4    12    26     957    (-,-) 
  uu_ctrlpath/uu_dly_DE_EM/buffer_instances[10].uu_buffer_DONT_TOUCH/Y (P)       A->Y  F     BUFX2          1  2.4    12    26     982    (-,-) 
  uu_ctrlpath/uu_dly_DE_EM/buffer_instances[11].uu_buffer_DONT_TOUCH/Y (P)       A->Y  F     BUFX2          1  2.4    12    26    1008    (-,-) 
  uu_ctrlpath/uu_dly_DE_EM/buffer_instances[12].uu_buffer_DONT_TOUCH/Y (P)       A->Y  F     BUFX2          1  2.4    12    26    1034    (-,-) 
  uu_ctrlpath/uu_dly_DE_EM/buffer_instances[13].uu_buffer_DONT_TOUCH/Y (P)       A->Y  F     BUFX2          1  2.4    12    26    1060    (-,-) 
  uu_ctrlpath/uu_dly_DE_EM/buffer_instances[14].uu_buffer_DONT_TOUCH/Y (P)       A->Y  F     BUFX2          1  2.4    12    26    1086    (-,-) 
  uu_ctrlpath/uu_dly_DE_EM/buffer_instances[15].uu_buffer_DONT_TOUCH/Y (P)       A->Y  F     BUFX2          1  2.4    12    26    1112    (-,-) 
  uu_ctrlpath/uu_dly_DE_EM/buffer_instances[16].uu_buffer_DONT_TOUCH/Y (P)       A->Y  F     BUFX2          1  2.4    12    26    1138    (-,-) 
  uu_ctrlpath/uu_dly_DE_EM/buffer_instances[17].uu_buffer_DONT_TOUCH/Y (P)       A->Y  F     BUFX2          1  2.4    12    26    1164    (-,-) 
  uu_ctrlpath/uu_dly_DE_EM/buffer_instances[18].uu_buffer_DONT_TOUCH/Y (P)       A->Y  F     BUFX2          1  2.4    12    26    1190    (-,-) 
  uu_ctrlpath/uu_dly_DE_EM/buffer_instances[19].uu_buffer_DONT_TOUCH/Y (P)       A->Y  F     BUFX2          1  2.4    12    26    1216    (-,-) 
  uu_ctrlpath/uu_dly_DE_EM/buffer_instances[20].uu_buffer_DONT_TOUCH/Y (P)       A->Y  F     BUFX2          1  2.4    12    26    1242    (-,-) 
  uu_ctrlpath/uu_dly_DE_EM/buffer_instances[21].uu_buffer_DONT_TOUCH/Y (P)       A->Y  F     BUFX2          1  2.4    12    26    1267    (-,-) 
  uu_ctrlpath/uu_dly_DE_EM/buffer_instances[22].uu_buffer_DONT_TOUCH/Y (P)       A->Y  F     BUFX2          1  2.4    12    26    1293    (-,-) 
  uu_ctrlpath/uu_dly_DE_EM/buffer_instances[23].uu_buffer_DONT_TOUCH/Y (P)       A->Y  F     BUFX2          1  2.4    12    26    1319    (-,-) 
  uu_ctrlpath/uu_dly_DE_EM/buffer_instances[24].uu_buffer_DONT_TOUCH/Y (P)       A->Y  F     BUFX2          1  2.4    12    26    1345    (-,-) 
  uu_ctrlpath/uu_dly_DE_EM/buffer_instances[25].uu_buffer_DONT_TOUCH/Y (P)       A->Y  F     BUFX2          1  2.4    12    26    1371    (-,-) 
  uu_ctrlpath/uu_dly_DE_EM/buffer_instances[26].uu_buffer_DONT_TOUCH/Y (P)       A->Y  F     BUFX2          1  2.4    12    26    1397    (-,-) 
  uu_ctrlpath/uu_dly_DE_EM/buffer_instances[27].uu_buffer_DONT_TOUCH/Y (P)       A->Y  F     BUFX2          1  2.4    12    26    1423    (-,-) 
  uu_ctrlpath/uu_dly_DE_EM/buffer_instances[28].uu_buffer_DONT_TOUCH/Y (P)       A->Y  F     BUFX2          1  2.4    12    26    1449    (-,-) 
  uu_ctrlpath/uu_dly_DE_EM/buffer_instances[29].uu_buffer_DONT_TOUCH/Y (P)       A->Y  F     BUFX2          1  2.4    12    26    1475    (-,-) 
  uu_ctrlpath/uu_dly_DE_EM/buffer_instances[30].uu_buffer_DONT_TOUCH/Y (P)       A->Y  F     BUFX2          2  4.0    18    29    1504    (-,-) 
  uu_ctrlpath/uu_cell_EM/uu_c_element/g60__5526/Y                      -         A->Y  F     AND2X1         1  2.4    19    26    1530    (-,-) 
  uu_ctrlpath/uu_cell_EM/uu_c_element/s_reg/D                          <<<       -     F     TLATXL         1    -     -     0    1530    (-,-) 
#-----------------------------------------------------------------------------------------------------------------------------------------------

(P) : Instance is preserved
(i) : Net is ideal.
(b) : Timing paths are broken.

