============================================================
  Generated by:           Genus(TM) Synthesis Solution 22.14-s059_1
  Generated on:           Jan 28 2026  08:59:56 pm
  Module:                 ariscv
  Operating conditions:   PVT_0P9V_125C 
  Interconnect mode:      global
  Area mode:              physical library
============================================================

   Reason      Instance Name
-----------------------------
unloaded       uu_dtpath/uu_dec/err_flag_ff
merged         uu_dtpath/uu_fetch/pc_plus4_ff_reg[0] merged with uu_dtpath/uu_fetch/pc_fd_ff_reg[0]
merged         uu_dtpath/uu_fetch/pc_plus4_ff_reg[1] merged with uu_dtpath/uu_fetch/pc_fd_ff_reg[1]
merged         uu_dtpath/uu_dec/o_pc_reg[0] merged with uu_dtpath/uu_dec/o_pc_plus4_reg[0]
merged         uu_dtpath/uu_dec/o_pc_reg[1] merged with uu_dtpath/uu_dec/o_pc_plus4_reg[1]
constant 0     uu_dtpath/uu_dec_uu_reg_file_reg_dt_reg[0][0]
constant 0     uu_dtpath/uu_dec_uu_reg_file_reg_dt_reg[0][1]
constant 0     uu_dtpath/uu_dec_uu_reg_file_reg_dt_reg[0][2]
constant 0     uu_dtpath/uu_dec_uu_reg_file_reg_dt_reg[0][3]
constant 0     uu_dtpath/uu_dec_uu_reg_file_reg_dt_reg[0][4]
constant 0     uu_dtpath/uu_dec_uu_reg_file_reg_dt_reg[0][5]
constant 0     uu_dtpath/uu_dec_uu_reg_file_reg_dt_reg[0][6]
constant 0     uu_dtpath/uu_dec_uu_reg_file_reg_dt_reg[0][7]
constant 0     uu_dtpath/uu_dec_uu_reg_file_reg_dt_reg[0][8]
constant 0     uu_dtpath/uu_dec_uu_reg_file_reg_dt_reg[0][9]
constant 0     uu_dtpath/uu_dec_uu_reg_file_reg_dt_reg[0][10]
constant 0     uu_dtpath/uu_dec_uu_reg_file_reg_dt_reg[0][11]
constant 0     uu_dtpath/uu_dec_uu_reg_file_reg_dt_reg[0][12]
constant 0     uu_dtpath/uu_dec_uu_reg_file_reg_dt_reg[0][13]
constant 0     uu_dtpath/uu_dec_uu_reg_file_reg_dt_reg[0][14]
constant 0     uu_dtpath/uu_dec_uu_reg_file_reg_dt_reg[0][15]
constant 0     uu_dtpath/uu_dec_uu_reg_file_reg_dt_reg[0][16]
constant 0     uu_dtpath/uu_dec_uu_reg_file_reg_dt_reg[0][17]
constant 0     uu_dtpath/uu_dec_uu_reg_file_reg_dt_reg[0][18]
constant 0     uu_dtpath/uu_dec_uu_reg_file_reg_dt_reg[0][19]
constant 0     uu_dtpath/uu_dec_uu_reg_file_reg_dt_reg[0][20]
constant 0     uu_dtpath/uu_dec_uu_reg_file_reg_dt_reg[0][21]
constant 0     uu_dtpath/uu_dec_uu_reg_file_reg_dt_reg[0][22]
constant 0     uu_dtpath/uu_dec_uu_reg_file_reg_dt_reg[0][23]
constant 0     uu_dtpath/uu_dec_uu_reg_file_reg_dt_reg[0][24]
constant 0     uu_dtpath/uu_dec_uu_reg_file_reg_dt_reg[0][25]
constant 0     uu_dtpath/uu_dec_uu_reg_file_reg_dt_reg[0][26]
constant 0     uu_dtpath/uu_dec_uu_reg_file_reg_dt_reg[0][27]
constant 0     uu_dtpath/uu_dec_uu_reg_file_reg_dt_reg[0][28]
constant 0     uu_dtpath/uu_dec_uu_reg_file_reg_dt_reg[0][29]
constant 0     uu_dtpath/uu_dec_uu_reg_file_reg_dt_reg[0][30]
constant 0     uu_dtpath/uu_dec_uu_reg_file_reg_dt_reg[0][31]
