============================================================
  Generated by:           Genus(TM) Synthesis Solution 22.14-s059_1
  Generated on:           Feb 22 2026  11:40:48 am
  Module:                 ariscv
  Operating conditions:   PVT_0P9V_125C 
  Interconnect mode:      global
  Area mode:              physical library
============================================================


Path 1: MET (0 ps) Setup Check with Pin uu_dtpath/uu_fetch/pc_plus4_ff_reg[20]/CK->D
          Group: CAPTURE_PC_FD
     Startpoint: (R) uu_dtpath/uu_fetch/pc_ff_reg[7]/CK
          Clock: (R) ACLK_PC_0
       Endpoint: (R) uu_dtpath/uu_fetch/pc_plus4_ff_reg[20]/D
          Clock: (R) CAPTURE_PC_FD

                        Capture       Launch     
           Path Delay:+    1300            -     
          Src Latency:+       0            0     
          Net Latency:+       0 (I)        0 (I) 
        Capture Clock:+       0                  
              Arrival:=    1300            0     
                                                 
                Setup:-     143                  
          Uncertainty:-     100                  
        Required Time:=    1057                  
         Launch Clock:-       0                  
            Data Path:-    1057                  
                Slack:=       0                  

Exceptions/Constraints:
  max_delay             1300            del_1 

Launch clock path:
#--------------------------------------------------------------------------------------------------------------
#             Timing Point              Flags   Arc   Edge   Cell     Fanout Load Trans Delay Arrival Instance 
#                                                                            (fF)  (ps)  (ps)   (ps)  Location 
#--------------------------------------------------------------------------------------------------------------
  uu_ctrlpath/uu_cell_PC/uu_c_element/s (i,b)   -     R     (arrival)     37  0.0     0     0       0    (-,-) 
  uu_dtpath/uu_fetch/pc_ff_reg[7]/CK    <<<     -     R     SDFFRHQX4     37    -    50     0       0    (-,-) 
#--------------------------------------------------------------------------------------------------------------

#------------------------------------------------------------------------------------------------------------------
#              Timing Point                Flags   Arc   Edge    Cell     Fanout Load Trans Delay Arrival Instance 
#                                                                                (fF)  (ps)  (ps)   (ps)  Location 
#------------------------------------------------------------------------------------------------------------------
  uu_dtpath/uu_fetch/pc_ff_reg[7]/CK       -       -     R     (arrival)      37    -    50     0       0    (-,-) 
  uu_dtpath/uu_fetch/pc_ff_reg[7]/Q        -       CK->Q R     SDFFRHQX4       4  6.2    60   302     302    (-,-) 
  uu_dtpath/uu_fetch/add_42_30_g6317/Y     -       A->Y  R     CLKAND2X2       1  3.7    55   138     441    (-,-) 
  uu_dtpath/uu_fetch/add_42_30_g6242/Y     -       B->Y  F     NAND2X4         1  3.5    88    82     523    (-,-) 
  uu_dtpath/uu_fetch/add_42_30_g6224/Y     -       B->Y  R     NOR2X4          1  3.6    71    81     604    (-,-) 
  uu_dtpath/uu_fetch/add_42_30_g6205/Y     -       B->Y  R     CLKAND2X12     15 25.6    69   141     746    (-,-) 
  uu_dtpath/uu_fetch/add_42_30_g6185/Y     -       B->Y  R     CLKAND2X2       1  2.5    43   126     872    (-,-) 
  uu_dtpath/uu_fetch/add_42_30_g6173/Y     -       B->Y  R     CLKXOR2X1       2  3.9    98   185    1057    (-,-) 
  uu_dtpath/uu_fetch/pc_plus4_ff_reg[20]/D -       -     R     DFFRHQX1        2    -     -     0    1057    (-,-) 
#------------------------------------------------------------------------------------------------------------------

Capture clock path:
#------------------------------------------------------------------------------------------------------------------
#               Timing Point                Flags   Arc   Edge   Cell     Fanout Load Trans Delay Arrival Instance 
#                                                                                (fF)  (ps)  (ps)   (ps)  Location 
#------------------------------------------------------------------------------------------------------------------
  uu_ctrlpath/uu_cell_FD/uu_c_element/s     (i,b)   -     R     (arrival)     97  0.0     0     0    1300    (-,-) 
  uu_dtpath/uu_fetch/pc_plus4_ff_reg[20]/CK <<<     -     R     DFFRHQX1      97    -    50     0    1300    (-,-) 
#------------------------------------------------------------------------------------------------------------------

