============================================================
  Generated by:           Genus(TM) Synthesis Solution 22.14-s059_1
  Generated on:           Mar 04 2026  10:25:17 pm
  Module:                 ariscv
  Operating conditions:   PVT_1P1V_0C 
  Interconnect mode:      global
  Area mode:              physical library
============================================================


Path 1: MET (0 ps) Setup Check with Pin uu_dtpath/uu_exec/aluResult_ff_reg[31]/CK->D
          Group: CAPTURE_DE_EM
     Startpoint: (R) uu_dtpath/uu_dec/o_aluControl_reg[3]/CK
          Clock: (R) ACLK_DE_2
       Endpoint: (R) uu_dtpath/uu_exec/aluResult_ff_reg[31]/D
          Clock: (R) CAPTURE_DE_EM

                        Capture       Launch     
           Path Delay:+    2000            -     
          Src Latency:+       0            0     
          Net Latency:+       0 (I)        0 (I) 
        Capture Clock:+       0                  
              Arrival:=    2000            0     
                                                 
                Setup:-      24                  
          Uncertainty:-     100                  
        Required Time:=    1876                  
         Launch Clock:-       0                  
            Data Path:-    1875                  
                Slack:=       0                  

Exceptions/Constraints:
  max_delay             2000            del_3 

Launch clock path:
#----------------------------------------------------------------------------------------------------------------
#              Timing Point               Flags   Arc   Edge   Cell     Fanout Load Trans Delay Arrival Instance 
#                                                                              (fF)  (ps)  (ps)   (ps)  Location 
#----------------------------------------------------------------------------------------------------------------
  uu_ctrlpath/uu_cell_DE/uu_c_element/s   (i,b)   -     R     (arrival)    181  0.0     0     0       0    (-,-) 
  uu_dtpath/uu_dec/o_aluControl_reg[3]/CK <<<     -     R     DFFRHQX1     181    -    50     0       0    (-,-) 
#----------------------------------------------------------------------------------------------------------------

#---------------------------------------------------------------------------------------------------------------------------------
#                      Timing Point                       Flags    Arc   Edge   Cell     Fanout Load Trans Delay Arrival Instance 
#                                                                                               (fF)  (ps)  (ps)   (ps)  Location 
#---------------------------------------------------------------------------------------------------------------------------------
  uu_dtpath/uu_dec/o_aluControl_reg[3]/CK                 -       -      R     (arrival)    181    -    50     0       0    (-,-) 
  uu_dtpath/uu_dec/o_aluControl_reg[3]/Q                  -       CK->Q  F     DFFRHQX1       5  8.1    55    87      87    (-,-) 
  uu_dtpath/uu_exec/uu_alu/g2320/Y                        -       AN->Y  F     NAND2BX1       2  5.4    76    63     150    (-,-) 
  uu_dtpath/uu_exec/uu_alu/g2319/Y                        -       A->Y   R     NOR2X4        11 17.8    71    57     206    (-,-) 
  uu_dtpath/uu_exec/uu_alu/sub_16_37_Y_add_15_37_g1533/Y  -       A->Y   F     CLKINVX4      25 35.5    80    57     263    (-,-) 
  uu_dtpath/uu_exec/uu_alu/sub_16_37_Y_add_15_37_g1505/Y  -       A->Y   F     XNOR2X1        2  4.0    31    63     326    (-,-) 
  uu_dtpath/uu_exec/uu_alu/sub_16_37_Y_add_15_37_g1455/Y  -       B->Y   R     NOR2X1         2  4.2    70    46     372    (-,-) 
  uu_dtpath/uu_exec/uu_alu/sub_16_37_Y_add_15_37_g1409/Y  -       A0->Y  F     OAI21X1        1  2.8    50    53     425    (-,-) 
  uu_dtpath/uu_exec/uu_alu/sub_16_37_Y_add_15_37_g1408/CO -       CI->CO F     ADDFX1         1  2.8    26    59     485    (-,-) 
  uu_dtpath/uu_exec/uu_alu/sub_16_37_Y_add_15_37_g1407/CO -       CI->CO F     ADDFX1         3  5.2    41    62     547    (-,-) 
  uu_dtpath/uu_exec/uu_alu/sub_16_37_Y_add_15_37_g1406/Y  -       C->Y   R     NAND3BXL       1  2.6    41    35     582    (-,-) 
  uu_dtpath/uu_exec/uu_alu/sub_16_37_Y_add_15_37_g1404/Y  -       C0->Y  F     OAI211X1       1  2.8    72    58     640    (-,-) 
  uu_dtpath/uu_exec/uu_alu/sub_16_37_Y_add_15_37_g1401/CO -       CI->CO F     ADDFX1         1  2.8    26    64     705    (-,-) 
  uu_dtpath/uu_exec/uu_alu/sub_16_37_Y_add_15_37_g1400/CO -       CI->CO F     ADDFX1         2  4.1    35    59     763    (-,-) 
  uu_dtpath/uu_exec/uu_alu/sub_16_37_Y_add_15_37_g1399/Y  -       B->Y   R     NAND2X1        2  4.2    37    31     794    (-,-) 
  uu_dtpath/uu_exec/uu_alu/sub_16_37_Y_add_15_37_g1397/Y  -       B->Y   F     NOR2X1         2  4.5    49    32     826    (-,-) 
  uu_dtpath/uu_exec/uu_alu/sub_16_37_Y_add_15_37_g1393/Y  -       B0->Y  R     AOI221X2       2  4.3    65    57     883    (-,-) 
  uu_dtpath/uu_exec/uu_alu/sub_16_37_Y_add_15_37_g1390/Y  -       B->Y   F     NOR2X1         3  5.4    53    44     927    (-,-) 
  uu_dtpath/uu_exec/uu_alu/sub_16_37_Y_add_15_37_g1388/Y  -       B->Y   R     NAND2X1        1  2.6    30    30     958    (-,-) 
  uu_dtpath/uu_exec/uu_alu/sub_16_37_Y_add_15_37_g1385/Y  -       C0->Y  F     OAI211X1       4  6.6   137    93    1050    (-,-) 
  uu_dtpath/uu_exec/uu_alu/sub_16_37_Y_add_15_37_g1382/Y  -       D->Y   R     NAND4BBXL      1  2.6    56    68    1118    (-,-) 
  uu_dtpath/uu_exec/uu_alu/sub_16_37_Y_add_15_37_g1379/Y  -       C0->Y  F     OAI211X1       2  4.1    95    76    1194    (-,-) 
  uu_dtpath/uu_exec/uu_alu/sub_16_37_Y_add_15_37_g1375/Y  -       B->Y   R     NAND2X1        3  5.5    57    54    1248    (-,-) 
  uu_dtpath/uu_exec/uu_alu/sub_16_37_Y_add_15_37_g1370/Y  -       D->Y   F     NOR4BX1        1  2.3    41    32    1280    (-,-) 
  uu_dtpath/uu_exec/uu_alu/sub_16_37_Y_add_15_37_g1367/Y  -       C0->Y  R     AOI211XL       3  5.6   195   126    1406    (-,-) 
  uu_dtpath/uu_exec/uu_alu/sub_16_37_Y_add_15_37_g1363/Y  -       C->Y   R     OR3X1          1  2.6    21    55    1461    (-,-) 
  uu_dtpath/uu_exec/uu_alu/sub_16_37_Y_add_15_37_g1360/Y  -       C0->Y  F     OAI211X1       1  2.8    71    52    1513    (-,-) 
  uu_dtpath/uu_exec/uu_alu/sub_16_37_Y_add_15_37_g1355/CO -       CI->CO F     ADDFX1         1  2.8    26    64    1577    (-,-) 
  uu_dtpath/uu_exec/uu_alu/sub_16_37_Y_add_15_37_g1354/CO -       CI->CO F     ADDFX1         1  2.8    26    54    1631    (-,-) 
  uu_dtpath/uu_exec/uu_alu/sub_16_37_Y_add_15_37_g1353/CO -       CI->CO F     ADDFX1         1  2.8    26    54    1684    (-,-) 
  uu_dtpath/uu_exec/uu_alu/sub_16_37_Y_add_15_37_g1352/CO -       CI->CO F     ADDFX1         1  2.8    26    54    1738    (-,-) 
  uu_dtpath/uu_exec/uu_alu/sub_16_37_Y_add_15_37_g1351/CO -       CI->CO F     ADDFX1         1  2.6    24    53    1791    (-,-) 
  uu_dtpath/uu_exec/uu_alu/sub_16_37_Y_add_15_37_g1350/Y  -       B->Y   R     XNOR2X1        1  2.4    20    44    1835    (-,-) 
  uu_dtpath/uu_exec/uu_alu/g4492/Y                        -       A1N->Y R     OAI2BB1X1      2  3.9    42    40    1875    (-,-) 
  uu_dtpath/uu_exec/aluResult_ff_reg[31]/D                -       -      R     DFFRHQX1       2    -     -     0    1875    (-,-) 
#---------------------------------------------------------------------------------------------------------------------------------

Capture clock path:
#------------------------------------------------------------------------------------------------------------------
#               Timing Point                Flags   Arc   Edge   Cell     Fanout Load Trans Delay Arrival Instance 
#                                                                                (fF)  (ps)  (ps)   (ps)  Location 
#------------------------------------------------------------------------------------------------------------------
  uu_ctrlpath/uu_cell_EM/uu_c_element/s     (i,b)   -     R     (arrival)    142  0.0     0     0    2000    (-,-) 
  uu_dtpath/uu_exec/aluResult_ff_reg[31]/CK <<<     -     R     DFFRHQX1     142    -    50     0    2000    (-,-) 
#------------------------------------------------------------------------------------------------------------------

