============================================================
  Generated by:           Genus(TM) Synthesis Solution 22.14-s059_1
  Generated on:           Mar 04 2026  10:25:18 pm
  Module:                 ariscv
  Operating conditions:   PVT_1P1V_0C 
  Interconnect mode:      global
  Area mode:              physical library
============================================================


Path 1: MET (3 ps) Setup Check with Pin uu_dtpath/uu_mem/o_aluResult_reg[13]/CK->D
          Group: CAPTURE_EM_MW
     Startpoint: (R) uu_dtpath/uu_exec/aluResult_ff_reg[13]/CK
          Clock: (R) ACLK_EM_3
       Endpoint: (R) uu_dtpath/uu_mem/o_aluResult_reg[13]/D
          Clock: (R) CAPTURE_EM_MW

                        Capture       Launch     
           Path Delay:+     200            -     
          Src Latency:+       0            0     
          Net Latency:+       0 (I)        0 (I) 
        Capture Clock:+       0                  
              Arrival:=     200            0     
                                                 
                Setup:-      22                  
          Uncertainty:-     100                  
        Required Time:=      78                  
         Launch Clock:-       0                  
            Data Path:-      75                  
                Slack:=       3                  

Exceptions/Constraints:
  max_delay             200             del_5 

Launch clock path:
#------------------------------------------------------------------------------------------------------------------
#               Timing Point                Flags   Arc   Edge   Cell     Fanout Load Trans Delay Arrival Instance 
#                                                                                (fF)  (ps)  (ps)   (ps)  Location 
#------------------------------------------------------------------------------------------------------------------
  uu_ctrlpath/uu_cell_EM/uu_c_element/s     (i,b)   -     R     (arrival)    142  0.0     0     0       0    (-,-) 
  uu_dtpath/uu_exec/aluResult_ff_reg[13]/CK <<<     -     R     DFFRHQX1     142    -    50     0       0    (-,-) 
#------------------------------------------------------------------------------------------------------------------

#------------------------------------------------------------------------------------------------------------------
#               Timing Point                Flags   Arc   Edge   Cell     Fanout Load Trans Delay Arrival Instance 
#                                                                                (fF)  (ps)  (ps)   (ps)  Location 
#------------------------------------------------------------------------------------------------------------------
  uu_dtpath/uu_exec/aluResult_ff_reg[13]/CK -       -     R     (arrival)    142    -    50     0       0    (-,-) 
  uu_dtpath/uu_exec/aluResult_ff_reg[13]/Q  -       CK->Q R     DFFRHQX1       2  3.6    28    75      75    (-,-) 
  uu_dtpath/uu_mem/o_aluResult_reg[13]/D    -       -     R     DFFRHQX1       2    -     -     0      75    (-,-) 
#------------------------------------------------------------------------------------------------------------------

Capture clock path:
#----------------------------------------------------------------------------------------------------------------
#              Timing Point               Flags   Arc   Edge   Cell     Fanout Load Trans Delay Arrival Instance 
#                                                                              (fF)  (ps)  (ps)   (ps)  Location 
#----------------------------------------------------------------------------------------------------------------
  uu_ctrlpath/uu_cell_MW/uu_c_element/s   (i,b)   -     R     (arrival)    139  0.0     0     0     200    (-,-) 
  uu_dtpath/uu_mem/o_aluResult_reg[13]/CK <<<     -     R     DFFRHQX1     139    -    50     0     200    (-,-) 
#----------------------------------------------------------------------------------------------------------------

