============================================================
  Generated by:           Genus(TM) Synthesis Solution 22.14-s059_1
  Generated on:           Feb 22 2026  11:40:48 am
  Module:                 ariscv
  Operating conditions:   PVT_0P9V_125C 
  Interconnect mode:      global
  Area mode:              physical library
============================================================


Path 1: MET (1 ps) Setup Check with Pin uu_dtpath/uu_fetch/pc_ff_reg[16]/CK->SE
          Group: CAPTURE_DE_PC
     Startpoint: (R) uu_dtpath/uu_dec/o_aluSrc_reg/CK
          Clock: (R) ACLK_DE_2
       Endpoint: (R) uu_dtpath/uu_fetch/pc_ff_reg[16]/SE
          Clock: (R) CAPTURE_DE_PC

                        Capture       Launch     
           Path Delay:+    4500            -     
          Src Latency:+       0            0     
          Net Latency:+       0 (I)        0 (I) 
        Capture Clock:+       0                  
              Arrival:=    4500            0     
                                                 
                Setup:-     185                  
          Uncertainty:-     100                  
        Required Time:=    4215                  
         Launch Clock:-       0                  
            Data Path:-    4214                  
                Slack:=       1                  

Exceptions/Constraints:
  max_delay             4500            del_4 

Launch clock path:
#--------------------------------------------------------------------------------------------------------------
#             Timing Point              Flags   Arc   Edge   Cell     Fanout Load Trans Delay Arrival Instance 
#                                                                            (fF)  (ps)  (ps)   (ps)  Location 
#--------------------------------------------------------------------------------------------------------------
  uu_ctrlpath/uu_cell_DE/uu_c_element/s (i,b)   -     R     (arrival)    181  0.0     0     0       0    (-,-) 
  uu_dtpath/uu_dec/o_aluSrc_reg/CK      <<<     -     R     DFFRHQX8     181    -    50     0       0    (-,-) 
#--------------------------------------------------------------------------------------------------------------

#--------------------------------------------------------------------------------------------------------------------------------
#                     Timing Point                       Flags    Arc   Edge   Cell     Fanout Load Trans Delay Arrival Instance 
#                                                                                              (fF)  (ps)  (ps)   (ps)  Location 
#--------------------------------------------------------------------------------------------------------------------------------
  uu_dtpath/uu_dec/o_aluSrc_reg/CK                       -       -      R     (arrival)    181    -    50     0       0    (-,-) 
  uu_dtpath/uu_dec/o_aluSrc_reg/Q                        -       CK->Q  F     DFFRHQX8      23 39.4   151   356     356    (-,-) 
  uu_dtpath/uu_exec/g778/Y                               -       A->Y   R     CLKINVX16     16 27.3    73    94     450    (-,-) 
  uu_dtpath/uu_exec/g761/Y                               -       S0->Y  F     MX2X1          7 10.4   277   301     751    (-,-) 
  uu_dtpath/uu_exec/uu_alu/sub_16_37_Y_add_15_37_g1607/Y -       A->Y   R     XNOR2X1        2  3.6    92   338    1089    (-,-) 
  uu_dtpath/uu_exec/uu_alu/sub_16_37_Y_add_15_37_g1549/Y -       B->Y   R     OR2X1          3  5.0   116   153    1242    (-,-) 
  uu_dtpath/uu_exec/uu_alu/sub_16_37_Y_add_15_37_g1484/Y -       A->Y   R     AND2X1         2  4.8   115   213    1455    (-,-) 
  uu_dtpath/uu_exec/uu_alu/sub_16_37_Y_add_15_37_g1456/Y -       B->Y   F     NAND2X2        1  2.5   113   125    1581    (-,-) 
  uu_dtpath/uu_exec/uu_alu/sub_16_37_Y_add_15_37_g1403/Y -       A0->Y  F     OA21X4         7 11.9   114   250    1831    (-,-) 
  uu_dtpath/uu_exec/uu_alu/sub_16_37_Y_add_15_37_g1402/Y -       A->Y   R     INVX3          3  5.4    60    84    1915    (-,-) 
  uu_dtpath/uu_exec/uu_alu/sub_16_37_Y_add_15_37_g1394/Y -       A1->Y  R     AO21X4        12 20.5   141   249    2164    (-,-) 
  uu_dtpath/uu_exec/uu_alu/sub_16_37_Y_add_15_37_g1388/Y -       A->Y   F     CLKINVX4       5  7.9    81   107    2271    (-,-) 
  uu_dtpath/uu_exec/uu_alu/sub_16_37_Y_add_15_37_g1375/Y -       A2->Y  R     OAI31X1        1  2.5   237   193    2464    (-,-) 
  uu_dtpath/uu_exec/uu_alu/sub_16_37_Y_add_15_37_g1353/Y -       B->Y   F     XNOR2X1        1  2.3    76   248    2712    (-,-) 
  uu_dtpath/uu_exec/uu_alu/g4677/Y                       -       A1N->Y F     OAI2BB1X1      2  3.7   244   207    2919    (-,-) 
  uu_dtpath/uu_exec/uu_alu/g4660/Y                       -       B->Y   F     OR4X1          1  3.5   122   410    3329    (-,-) 
  uu_dtpath/uu_exec/uu_alu/g4655/Y                       -       C->Y   R     NOR4X4         1  2.7   146   170    3499    (-,-) 
  uu_dtpath/uu_exec/g453/Y                               -       C->Y   F     XOR3XL         1  2.4    98   229    3728    (-,-) 
  uu_dtpath/uu_exec/g452/Y                               -       B->Y   F     CLKAND2X2      1  2.8    53   136    3864    (-,-) 
  uu_dtpath/uu_exec/g451/Y                               -       B->Y   F     OR2X8         32 51.2   204   240    4104    (-,-) 
  uu_dtpath/uu_fetch/g1151/Y                             -       A->Y   R     CLKINVX4       1  2.7    54   110    4214    (-,-) 
  uu_dtpath/uu_fetch/pc_ff_reg[16]/SE                    -       -      R     SDFFRHQX4      1    -     -     0    4214    (-,-) 
#--------------------------------------------------------------------------------------------------------------------------------

Capture clock path:
#--------------------------------------------------------------------------------------------------------------
#             Timing Point              Flags   Arc   Edge   Cell     Fanout Load Trans Delay Arrival Instance 
#                                                                            (fF)  (ps)  (ps)   (ps)  Location 
#--------------------------------------------------------------------------------------------------------------
  uu_ctrlpath/uu_cell_PC/uu_c_element/s (i,b)   -     R     (arrival)     37  0.0     0     0    4500    (-,-) 
  uu_dtpath/uu_fetch/pc_ff_reg[16]/CK   <<<     -     R     SDFFRHQX4     37    -    50     0    4500    (-,-) 
#--------------------------------------------------------------------------------------------------------------

