============================================================
  Generated by:           Genus(TM) Synthesis Solution 22.14-s059_1
  Generated on:           Feb 22 2026  11:40:48 am
  Module:                 ariscv
  Operating conditions:   PVT_0P9V_125C 
  Interconnect mode:      global
  Area mode:              physical library
============================================================


Path 1: MET (0 ps) Setup Check with Pin uu_dtpath/uu_dec/rd1_ff_reg[1]/CK->D
          Group: CAPTURE_REG_DE
     Startpoint: (R) uu_dtpath/uu_dec/uu_reg_file/reg_dt_reg[16][1]/CK
          Clock: (R) ACLK_REG_5
       Endpoint: (F) uu_dtpath/uu_dec/rd1_ff_reg[1]/D
          Clock: (R) CAPTURE_REG_DE

                        Capture       Launch     
           Path Delay:+    1500            -     
          Src Latency:+       0            0     
          Net Latency:+       0 (I)        0 (I) 
        Capture Clock:+       0                  
              Arrival:=    1500            0     
                                                 
                Setup:-      58                  
          Uncertainty:-     100                  
        Required Time:=    1342                  
         Launch Clock:-       0                  
            Data Path:-    1341                  
                Slack:=       0                  

Exceptions/Constraints:
  max_delay             1500            del_7 

Launch clock path:
#--------------------------------------------------------------------------------------------------------------------------
#                   Timing Point                    Flags   Arc   Edge   Cell     Fanout Load Trans Delay Arrival Instance 
#                                                                                        (fF)  (ps)  (ps)   (ps)  Location 
#--------------------------------------------------------------------------------------------------------------------------
  uu_ctrlpath/uu_cell_REG/uu_c_element/s            (i,b)   -     R     (arrival)    994  0.0     0     0       0    (-,-) 
  uu_dtpath/uu_dec/uu_reg_file/reg_dt_reg[16][1]/CK <<<     -     R     SDFFRHQX4    994    -    50     0       0    (-,-) 
#--------------------------------------------------------------------------------------------------------------------------

#--------------------------------------------------------------------------------------------------------------------------
#                   Timing Point                    Flags   Arc   Edge   Cell     Fanout Load Trans Delay Arrival Instance 
#                                                                                        (fF)  (ps)  (ps)   (ps)  Location 
#--------------------------------------------------------------------------------------------------------------------------
  uu_dtpath/uu_dec/uu_reg_file/reg_dt_reg[16][1]/CK -       -     R     (arrival)    994    -    50     0       0    (-,-) 
  uu_dtpath/uu_dec/uu_reg_file/reg_dt_reg[16][1]/Q  -       CK->Q F     SDFFRHQX4      2  3.7    41   265     265    (-,-) 
  uu_dtpath/uu_dec/uu_reg_file/fopt40741/Y          -       A->Y  F     CLKBUFX2       2  3.6    62   103     368    (-,-) 
  uu_dtpath/uu_dec/uu_reg_file/g3932__1666/Y        -       B0->Y F     AO22X1         1  2.4    80   178     546    (-,-) 
  uu_dtpath/uu_dec/uu_reg_file/g3667__5122/Y        -       C0->Y R     AOI221X1       1  2.5   245   198     744    (-,-) 
  uu_dtpath/uu_dec/uu_reg_file/g3539__2346/Y        -       A->Y  F     NAND2X1        1  2.3   177   244     988    (-,-) 
  uu_dtpath/uu_dec/uu_reg_file/g3442__1705/Y        -       B->Y  F     OR2X1          1  2.3    74   192    1180    (-,-) 
  uu_dtpath/uu_dec/uu_reg_file/g3424__9315/Y        -       A->Y  F     OR2X1          1  2.4    77   161    1341    (-,-) 
  uu_dtpath/uu_dec/rd1_ff_reg[1]/D                  -       -     F     DFFRHQX1       1    -     -     0    1341    (-,-) 
#--------------------------------------------------------------------------------------------------------------------------

Capture clock path:
#--------------------------------------------------------------------------------------------------------------
#             Timing Point              Flags   Arc   Edge   Cell     Fanout Load Trans Delay Arrival Instance 
#                                                                            (fF)  (ps)  (ps)   (ps)  Location 
#--------------------------------------------------------------------------------------------------------------
  uu_ctrlpath/uu_cell_DE/uu_c_element/s (i,b)   -     R     (arrival)    181  0.0     0     0    1500    (-,-) 
  uu_dtpath/uu_dec/rd1_ff_reg[1]/CK     <<<     -     R     DFFRHQX1     181    -    50     0    1500    (-,-) 
#--------------------------------------------------------------------------------------------------------------

