============================================================
  Generated by:           Genus(TM) Synthesis Solution 22.14-s059_1
  Generated on:           Mar 07 2026  11:47:21 am
  Module:                 ariscv
  Operating conditions:   PVT_0P9V_125C 
  Interconnect mode:      global
  Area mode:              physical library
============================================================


Path 1: MET (19 ps) Setup Check with Pin uu_dtpath/uu_dec/immExt_ff_reg[12]/CK->D
          Group: CAPTURE_FD_DE
     Startpoint: (R) uu_dtpath/uu_fetch/inst_ff_reg[5]/CK
          Clock: (R) ACLK_FD_1
       Endpoint: (R) uu_dtpath/uu_dec/immExt_ff_reg[12]/D
          Clock: (R) CAPTURE_FD_DE

                        Capture       Launch     
           Path Delay:+    2500            -     
          Src Latency:+       0            0     
          Net Latency:+       0 (I)        0 (I) 
        Capture Clock:+       0                  
              Arrival:=    2500            0     
                                                 
                Setup:-     145                  
          Uncertainty:-     100                  
        Required Time:=    2255                  
         Launch Clock:-       0                  
            Data Path:-    2236                  
                Slack:=      19                  

Exceptions/Constraints:
  max_delay             2500            del_2 

Launch clock path:
#--------------------------------------------------------------------------------------------------------------
#             Timing Point              Flags   Arc   Edge   Cell     Fanout Load Trans Delay Arrival Instance 
#                                                                            (fF)  (ps)  (ps)   (ps)  Location 
#--------------------------------------------------------------------------------------------------------------
  uu_ctrlpath/uu_cell_FD/uu_c_element/s (i,b)   -     R     (arrival)     97  0.0     0     0       0    (-,-) 
  uu_dtpath/uu_fetch/inst_ff_reg[5]/CK  <<<     -     R     DFFRHQX1      97    -    50     0       0    (-,-) 
#--------------------------------------------------------------------------------------------------------------

#-------------------------------------------------------------------------------------------------------------------
#               Timing Point                 Flags   Arc   Edge   Cell     Fanout Load Trans Delay Arrival Instance 
#                                                                                 (fF)  (ps)  (ps)   (ps)  Location 
#-------------------------------------------------------------------------------------------------------------------
  uu_dtpath/uu_fetch/inst_ff_reg[5]/CK       -       -     R     (arrival)     97    -    50     0       0    (-,-) 
  uu_dtpath/uu_fetch/inst_ff_reg[5]/Q        -       CK->Q R     DFFRHQX1       5  7.7   172   341     341    (-,-) 
  uu_dtpath/uu_dec/uu_ctrl_unit/g730__4733/Y -       AN->Y R     NOR2BX4        3  6.4   108   264     604    (-,-) 
  uu_dtpath/uu_dec/uu_ctrl_unit/g719__5122/Y -       B->Y  F     NAND2X4        2  5.0   120   119     724    (-,-) 
  uu_dtpath/uu_dec/uu_ctrl_unit/g710__6260/Y -       B->Y  R     NOR2BX4        2  3.8    78    97     820    (-,-) 
  uu_dtpath/uu_dec/uu_ctrl_unit/g2__7482/Y   -       AN->Y R     NOR2BX2        4  6.3   182   208    1028    (-,-) 
  uu_dtpath/uu_dec/uu_ctrl_unit/g696__7482/Y -       A->Y  R     AND2X1         2  3.8    94   232    1261    (-,-) 
  uu_dtpath/uu_dec/uu_ctrl_unit/g689__1705/Y -       B->Y  R     OR2X2          5 11.5   137   186    1447    (-,-) 
  uu_dtpath/uu_dec/uu_extend/g923__6260/Y    -       B->Y  F     NOR3X8        19 25.3   134   134    1581    (-,-) 
  uu_dtpath/uu_dec/uu_extend/g922__5107/Y    -       B0->Y F     AO21X4         9 12.3   116   243    1824    (-,-) 
  uu_dtpath/uu_dec/uu_extend/g903__1705/Y    -       AN->Y F     NAND2BX4       8 12.6   227   241    2065    (-,-) 
  uu_dtpath/uu_dec/uu_extend/g890__7410/Y    -       B0->Y R     OAI2BB1X1      1  2.4   102   172    2236    (-,-) 
  uu_dtpath/uu_dec/immExt_ff_reg[12]/D       -       -     R     DFFRHQX1       1    -     -     0    2236    (-,-) 
#-------------------------------------------------------------------------------------------------------------------

Capture clock path:
#--------------------------------------------------------------------------------------------------------------
#             Timing Point              Flags   Arc   Edge   Cell     Fanout Load Trans Delay Arrival Instance 
#                                                                            (fF)  (ps)  (ps)   (ps)  Location 
#--------------------------------------------------------------------------------------------------------------
  uu_ctrlpath/uu_cell_DE/uu_c_element/s (i,b)   -     R     (arrival)    181  0.0     0     0    2500    (-,-) 
  uu_dtpath/uu_dec/immExt_ff_reg[12]/CK <<<     -     R     DFFRHQX1     181    -    50     0    2500    (-,-) 
#--------------------------------------------------------------------------------------------------------------

