============================================================
  Generated by:           Genus(TM) Synthesis Solution 22.14-s059_1
  Generated on:           Mar 07 2026  11:36:02 am
  Module:                 ariscv
  Operating conditions:   PVT_1P1V_0C 
  Interconnect mode:      global
  Area mode:              physical library
============================================================


Path 1: MET (0 ps) Setup Check with Pin uu_dtpath/uu_dec/uu_reg_file/reg_dt_reg[31][31]/CK->SE
          Group: CAPTURE_MW_REG
     Startpoint: (R) uu_dtpath/uu_mem/o_wr_addr_reg_reg[3]/CK
          Clock: (R) ACLK_MW_4
       Endpoint: (F) uu_dtpath/uu_dec/uu_reg_file/reg_dt_reg[31][31]/SE
          Clock: (R) CAPTURE_MW_REG

                        Capture       Launch     
           Path Delay:+     400            -     
          Src Latency:+       0            0     
          Net Latency:+       0 (I)        0 (I) 
        Capture Clock:+       0                  
              Arrival:=     400            0     
                                                 
                Setup:-      47                  
          Uncertainty:-     100                  
        Required Time:=     253                  
         Launch Clock:-       0                  
            Data Path:-     253                  
                Slack:=       0                  

Exceptions/Constraints:
  max_delay             400             del_6 

Launch clock path:
#-----------------------------------------------------------------------------------------------------------------
#              Timing Point                Flags   Arc   Edge   Cell     Fanout Load Trans Delay Arrival Instance 
#                                                                               (fF)  (ps)  (ps)   (ps)  Location 
#-----------------------------------------------------------------------------------------------------------------
  uu_ctrlpath/uu_cell_MW/uu_c_element/s    (i,b)   -     R     (arrival)    139  0.0     0     0       0    (-,-) 
  uu_dtpath/uu_mem/o_wr_addr_reg_reg[3]/CK <<<     -     R     DFFRHQX4     139    -    50     0       0    (-,-) 
#-----------------------------------------------------------------------------------------------------------------

#---------------------------------------------------------------------------------------------------------------------------
#                   Timing Point                     Flags   Arc   Edge   Cell     Fanout Load Trans Delay Arrival Instance 
#                                                                                         (fF)  (ps)  (ps)   (ps)  Location 
#---------------------------------------------------------------------------------------------------------------------------
  uu_dtpath/uu_mem/o_wr_addr_reg_reg[3]/CK           -       -     R     (arrival)    139    -    50     0       0    (-,-) 
  uu_dtpath/uu_mem/o_wr_addr_reg_reg[3]/Q            -       CK->Q R     DFFRHQX4       4 10.1    25    82      82    (-,-) 
  uu_dtpath/uu_dec/uu_reg_file/g37025/Y              -       A->Y  F     NAND2X2        2  3.8    34    30     111    (-,-) 
  uu_dtpath/uu_dec/uu_reg_file/g37013/Y              -       B->Y  F     OR2X1          4  8.4    59    60     171    (-,-) 
  uu_dtpath/uu_dec/uu_reg_file/g36988/Y              -       B->Y  F     OR2X6         32 56.7    81    82     253    (-,-) 
  uu_dtpath/uu_dec/uu_reg_file/reg_dt_reg[31][31]/SE -       -     F     SDFFRHQX1     32    -     -     0     253    (-,-) 
#---------------------------------------------------------------------------------------------------------------------------

Capture clock path:
#---------------------------------------------------------------------------------------------------------------------------
#                   Timing Point                     Flags   Arc   Edge   Cell     Fanout Load Trans Delay Arrival Instance 
#                                                                                         (fF)  (ps)  (ps)   (ps)  Location 
#---------------------------------------------------------------------------------------------------------------------------
  uu_ctrlpath/uu_cell_REG/uu_c_element/s             (i,b)   -     R     (arrival)    994  0.0     0     0     400    (-,-) 
  uu_dtpath/uu_dec/uu_reg_file/reg_dt_reg[31][31]/CK <<<     -     R     SDFFRHQX1    994    -    50     0     400    (-,-) 
#---------------------------------------------------------------------------------------------------------------------------

