============================================================
  Generated by:           Genus(TM) Synthesis Solution 22.14-s059_1
  Generated on:           Mar 07 2026  11:34:42 am
  Module:                 ariscv
  Technology libraries:   fast_vdd1v0 1.0
                          physical_cells 
                          fast_vdd1v0 1.0
                          physical_cells 
  Operating conditions:   PVT_1P1V_0C 
  Interconnect mode:      global
  Area mode:              physical library
============================================================

Timing
--------

     Clock     Period 
----------------------
ACLK_DE_2      4800.0 
ACLK_EM_3      2400.0 
ACLK_FD_1      1600.0 
ACLK_MW_4       800.0 
ACLK_PC_0      2400.0 
ACLK_REG_5      800.0 
CAPTURE_DE_EM  4800.0 
CAPTURE_DE_PC  4800.0 
CAPTURE_EM_MW  2400.0 
CAPTURE_FD_DE  1600.0 
CAPTURE_MW_REG  800.0 
CAPTURE_PC_FD  2400.0 
CAPTURE_REG_DE  800.0 
DUMMY_LOOP1       0.0 
DUMMY_LOOP2       0.0 
EPC_F1_ack0    1600.0 
EPC_F1_ack1    2400.0 
EPC_F2_ack0    2400.0 
EPC_F2_ack1    2400.0 
EPC_J1_req0    4800.0 
EPC_J1_req1    2400.0 
EPC_J2_req0    1600.0 
EPC_J2_req1     800.0 
EPC_LOOP1_ack  2400.0 
EPC_LOOP1_req  2400.0 
EPC_LOOP2_ack  2400.0 
EPC_LOOP2_req  2400.0 
LAUNCH_DE_FD   4800.0 
LAUNCH_DE_REG  4800.0 
LAUNCH_EM_DE   2400.0 
LAUNCH_FD_PC   1600.0 
LAUNCH_MW_EM    800.0 
LAUNCH_PC_DE   2400.0 
LAUNCH_REG_MW   800.0 


     Cost        Critical         Violating 
     Group      Path Slack  TNS     Paths   
--------------------------------------------
ACLK_DE_2         No paths   0.0            
ACLK_EM_3           1969.1   0.0          0 
ACLK_FD_1         No paths   0.0            
ACLK_MW_4         No paths   0.0            
ACLK_PC_0           1908.2   0.0          0 
ACLK_REG_5           554.4   0.0          0 
CAPTURE_DE_EM        847.4   0.0          0 
CAPTURE_DE_PC        994.3   0.0          0 
CAPTURE_EM_MW         80.4   0.0          0 
CAPTURE_FD_DE        297.0   0.0          0 
CAPTURE_MW_REG         4.8   0.0          0 
CAPTURE_PC_FD         80.4   0.0          0 
CAPTURE_REG_DE        63.4   0.0          0 
default           No paths   0.0            
DUMMY_LOOP1       No paths   0.0            
DUMMY_LOOP2       No paths   0.0            
EPC_F1_ack0       No paths   0.0            
EPC_F1_ack1       No paths   0.0            
EPC_F2_ack0       No paths   0.0            
EPC_F2_ack1       No paths   0.0            
EPC_J1_req0       No paths   0.0            
EPC_J1_req1       No paths   0.0            
EPC_J2_req0       No paths   0.0            
EPC_J2_req1       No paths   0.0            
EPC_LOOP1_ack     No paths   0.0            
EPC_LOOP1_req     No paths   0.0            
EPC_LOOP2_ack     No paths   0.0            
EPC_LOOP2_req     No paths   0.0            
LAUNCH_DE_FD      No paths   0.0            
LAUNCH_DE_REG     No paths   0.0            
LAUNCH_EM_DE      No paths   0.0            
LAUNCH_FD_PC      No paths   0.0            
LAUNCH_MW_EM      No paths   0.0            
LAUNCH_PC_DE      No paths   0.0            
LAUNCH_REG_MW     No paths   0.0            
--------------------------------------------
Total                        0.0          0 

Instance Count
--------------
Leaf Instance Count             11349 
Physical Instance count             0 
Sequential Instance Count        1583 
Combinational Instance Count     9766 
Hierarchical Instance Count        57 

Area
----
Cell Area                          10572.251
Physical Cell Area                 0.000
Total Cell Area (Cell+Physical)    10572.251
Net Area                           98.261
Total Area (Cell+Physical+Net)     10670.512

Runtime                            1.0 seconds
Elapsed Runtime                    53 seconds
Genus peak memory usage            1529.59 
Innovus peak memory usage          no_value 
Hostname                           microeletronica
