============================================================
  Generated by:           Genus(TM) Synthesis Solution 22.14-s059_1
  Generated on:           Mar 24 2026  06:35:36 pm
  Module:                 ariscv
  Technology libraries:   fast_vdd1v0 1.0
                          physical_cells 
  Operating conditions:   PVT_1P1V_0C 
  Interconnect mode:      global
  Area mode:              physical library
============================================================

-------------------------------------------------------------------------------
Timing exceptions with no effect

The following timing exceptions are not currently affecting timing in the       
design.  Either no paths in the design satisfy the exception's path             
specification, or all paths that satisfy the path specification also satisfy an 
exception with a higher priority.  You can improve runtime and memory usage by  
removing these exceptions if they are not truly needed.  To see if there is a   
path in the design that satisfies the path specification for an exception, or   
to see what other exception is overriding an exception because of priority, use 
the command:                                                                    
  report timing -paths [eval [::legacy::get_attribute paths <exception>]]

exception:ariscv/dis_1
-------------------------------------------------------------------------------

-------------------------------------------------------------------------------
Inputs without clocked external delays

The following primary inputs have no clocked external delays.  As a result the  
timing paths leading from the ports have no timing constraints derived from     
clock waveforms.  The'external_delay' command is used to create new external    
delays.                                                                         

port:ariscv/rst_async_n
-------------------------------------------------------------------------------

-------------------------------------------------------------------------------
Inputs without external driver/transition

The following primary inputs have no external driver or input transition set.   
As a result the transition on the ports will be assumed as zero. The            
'external_driver' attribute is used to add and external driver or the           
'fixed_slew' attribute to add an external transition.                           

port:ariscv/i_inst[0]
port:ariscv/i_inst[10]
port:ariscv/i_inst[11]
port:ariscv/i_inst[12]
port:ariscv/i_inst[13]
port:ariscv/i_inst[14]
port:ariscv/i_inst[15]
port:ariscv/i_inst[16]
port:ariscv/i_inst[17]
port:ariscv/i_inst[18]
port:ariscv/i_inst[19]
port:ariscv/i_inst[1]
port:ariscv/i_inst[20]
port:ariscv/i_inst[21]
port:ariscv/i_inst[22]
port:ariscv/i_inst[23]
port:ariscv/i_inst[24]
port:ariscv/i_inst[25]
port:ariscv/i_inst[26]
port:ariscv/i_inst[27]
port:ariscv/i_inst[28]
port:ariscv/i_inst[29]
port:ariscv/i_inst[2]
port:ariscv/i_inst[30]
port:ariscv/i_inst[31]
port:ariscv/i_inst[3]
port:ariscv/i_inst[4]
port:ariscv/i_inst[5]
port:ariscv/i_inst[6]
port:ariscv/i_inst[7]
port:ariscv/i_inst[8]
port:ariscv/i_inst[9]
port:ariscv/i_readData[0]
port:ariscv/i_readData[10]
port:ariscv/i_readData[11]
port:ariscv/i_readData[12]
port:ariscv/i_readData[13]
port:ariscv/i_readData[14]
port:ariscv/i_readData[15]
port:ariscv/i_readData[16]
port:ariscv/i_readData[17]
port:ariscv/i_readData[18]
port:ariscv/i_readData[19]
port:ariscv/i_readData[1]
port:ariscv/i_readData[20]
port:ariscv/i_readData[21]
port:ariscv/i_readData[22]
port:ariscv/i_readData[23]
port:ariscv/i_readData[24]
port:ariscv/i_readData[25]
port:ariscv/i_readData[26]
port:ariscv/i_readData[27]
port:ariscv/i_readData[28]
port:ariscv/i_readData[29]
port:ariscv/i_readData[2]
port:ariscv/i_readData[30]
port:ariscv/i_readData[31]
port:ariscv/i_readData[3]
port:ariscv/i_readData[4]
port:ariscv/i_readData[5]
port:ariscv/i_readData[6]
port:ariscv/i_readData[7]
port:ariscv/i_readData[8]
port:ariscv/i_readData[9]
port:ariscv/rst_async_n
-------------------------------------------------------------------------------

-------------------------------------------------------------------------------
Outputs without external load

The following primary outputs have no external load set. As a result the load   
on the ports will be assumed as zero. The 'external_pin_cap' attribute is used  
to add and external pin cap.                                                    

port:ariscv/o_memWrite
port:ariscv/o_mem_clk
port:ariscv/o_pc[0]
port:ariscv/o_pc[10]
port:ariscv/o_pc[11]
port:ariscv/o_pc[12]
port:ariscv/o_pc[13]
port:ariscv/o_pc[14]
port:ariscv/o_pc[15]
port:ariscv/o_pc[16]
port:ariscv/o_pc[17]
port:ariscv/o_pc[18]
port:ariscv/o_pc[19]
port:ariscv/o_pc[1]
port:ariscv/o_pc[20]
port:ariscv/o_pc[21]
port:ariscv/o_pc[22]
port:ariscv/o_pc[23]
port:ariscv/o_pc[24]
port:ariscv/o_pc[25]
port:ariscv/o_pc[26]
port:ariscv/o_pc[27]
port:ariscv/o_pc[28]
port:ariscv/o_pc[29]
port:ariscv/o_pc[2]
port:ariscv/o_pc[30]
port:ariscv/o_pc[31]
port:ariscv/o_pc[3]
port:ariscv/o_pc[4]
port:ariscv/o_pc[5]
port:ariscv/o_pc[6]
port:ariscv/o_pc[7]
port:ariscv/o_pc[8]
port:ariscv/o_pc[9]
port:ariscv/o_writeAddr[0]
port:ariscv/o_writeAddr[10]
port:ariscv/o_writeAddr[11]
port:ariscv/o_writeAddr[12]
port:ariscv/o_writeAddr[13]
port:ariscv/o_writeAddr[14]
port:ariscv/o_writeAddr[15]
port:ariscv/o_writeAddr[16]
port:ariscv/o_writeAddr[17]
port:ariscv/o_writeAddr[18]
port:ariscv/o_writeAddr[19]
port:ariscv/o_writeAddr[1]
port:ariscv/o_writeAddr[20]
port:ariscv/o_writeAddr[21]
port:ariscv/o_writeAddr[22]
port:ariscv/o_writeAddr[23]
port:ariscv/o_writeAddr[24]
port:ariscv/o_writeAddr[25]
port:ariscv/o_writeAddr[26]
port:ariscv/o_writeAddr[27]
port:ariscv/o_writeAddr[28]
port:ariscv/o_writeAddr[29]
port:ariscv/o_writeAddr[2]
port:ariscv/o_writeAddr[30]
port:ariscv/o_writeAddr[31]
port:ariscv/o_writeAddr[3]
port:ariscv/o_writeAddr[4]
port:ariscv/o_writeAddr[5]
port:ariscv/o_writeAddr[6]
port:ariscv/o_writeAddr[7]
port:ariscv/o_writeAddr[8]
port:ariscv/o_writeAddr[9]
port:ariscv/o_writeData[0]
port:ariscv/o_writeData[10]
port:ariscv/o_writeData[11]
port:ariscv/o_writeData[12]
port:ariscv/o_writeData[13]
port:ariscv/o_writeData[14]
port:ariscv/o_writeData[15]
port:ariscv/o_writeData[16]
port:ariscv/o_writeData[17]
port:ariscv/o_writeData[18]
port:ariscv/o_writeData[19]
port:ariscv/o_writeData[1]
port:ariscv/o_writeData[20]
port:ariscv/o_writeData[21]
port:ariscv/o_writeData[22]
port:ariscv/o_writeData[23]
port:ariscv/o_writeData[24]
port:ariscv/o_writeData[25]
port:ariscv/o_writeData[26]
port:ariscv/o_writeData[27]
port:ariscv/o_writeData[28]
port:ariscv/o_writeData[29]
port:ariscv/o_writeData[2]
port:ariscv/o_writeData[30]
port:ariscv/o_writeData[31]
port:ariscv/o_writeData[3]
port:ariscv/o_writeData[4]
port:ariscv/o_writeData[5]
port:ariscv/o_writeData[6]
port:ariscv/o_writeData[7]
port:ariscv/o_writeData[8]
port:ariscv/o_writeData[9]
port:ariscv/o_writeWidth[0]
port:ariscv/o_writeWidth[1]
port:ariscv/o_writeWidth[2]
-------------------------------------------------------------------------------


Lint summary
 Unconnected/logic driven clocks                                  0
 Sequential data pins driven by a clock signal                    0
 Sequential clock pins without clock waveform                     0
 Sequential clock pins with multiple clock waveforms              0
 Generated clocks without clock waveform                          0
 Generated clocks with incompatible options                       0
 Generated clocks with multi-master clock                         0
 Paths constrained with different clocks                          0
 Loop-breaking cells for combinational feedback                   0
 Nets with multiple drivers                                       0
 Timing exceptions with no effect                                 1
 Suspicious multi_cycle exceptions                                0
 Pins/ports with conflicting case constants                       0
 Inputs without clocked external delays                           1
 Outputs without clocked external delays                          0
 Inputs without external driver/transition                       65
 Outputs without external load                                  101
 Exceptions with invalid timing start-/endpoints                  0

                                                  Total:        168
