============================================================
  Generated by:           Genus(TM) Synthesis Solution 22.14-s059_1
  Generated on:           Mar 24 2026  06:42:38 pm
  Module:                 ariscv
  Technology libraries:   slow_vdd1v0 1.0
                          physical_cells 
                          slow_vdd1v0 1.0
                          physical_cells 
  Operating conditions:   PVT_0P9V_125C 
  Interconnect mode:      global
  Area mode:              physical library
============================================================

Timing
--------

Clock Period 
-------------
clk   4400.0 


  Cost    Critical         Violating 
 Group   Path Slack  TNS     Paths   
-------------------------------------
clk             8.0   0.0          0 
default    No paths   0.0            
-------------------------------------
Total                 0.0          0 

Instance Count
--------------
Leaf Instance Count             7033 
Physical Instance count            0 
Sequential Instance Count       1581 
Combinational Instance Count    5452 
Hierarchical Instance Count       10 

Area
----
Cell Area                          6845.643
Physical Cell Area                 0.000
Total Cell Area (Cell+Physical)    6845.643
Net Area                           5051.894
Total Area (Cell+Physical+Net)     11897.537

Runtime                            0.0 seconds
Elapsed Runtime                    109 seconds
Genus peak memory usage            1561.93 
Innovus peak memory usage          no_value 
Hostname                           microeletronica
