============================================================
  Generated by:           Genus(TM) Synthesis Solution 22.14-s059_1
  Generated on:           Feb 22 2026  11:38:27 am
  Module:                 ariscv
  Technology libraries:   slow_vdd1v0 1.0
                          physical_cells 
                          slow_vdd1v0 1.0
                          physical_cells 
  Operating conditions:   PVT_0P9V_125C 
  Interconnect mode:      global
  Area mode:              physical library
============================================================

        Instance                              Module                        Cell Count  Cell Area  Net Area   Total Area 
-------------------------------------------------------------------------------------------------------------------------
ariscv                                                                            5441   6187.635  4127.061    10314.696 
  uu_ctrlpath           ariscv_ctrlpath_NBW_ACLK6_DELAY_PC_FD13_DELAY_FD_D         223    117.135    86.325      203.460 
    uu_cell_DE          wchb_cell_INIT1h0_309                                        6      4.873     1.638        6.511 
      uu_c_element      c_element_INIT0_299                                          5      4.702     1.228        5.931 
    uu_cell_EM          wchb_cell_INIT1h0_308                                        5      3.334     1.228        4.563 
      uu_c_element      c_element_INIT0_298                                          4      3.163     0.819        3.982 
    uu_cell_FD          wchb_cell_INIT1h0                                            6      4.189     1.837        6.027 
      uu_c_element      c_element_INIT0                                              5      4.019     1.428        5.446 
    uu_cell_LOOP1       wchb_cell_INIT1h0_306                                        6      4.189     1.837        6.027 
      uu_c_element      c_element_INIT0_296                                          5      4.019     1.428        5.446 
    uu_cell_LOOP2       wchb_cell_INIT1h0_305                                        6      4.189     1.837        6.027 
      uu_c_element      c_element_INIT0_295                                          5      4.019     1.428        5.446 
    uu_cell_MW          wchb_cell_INIT1h0_307                                        6      4.189     1.837        6.027 
      uu_c_element      c_element_INIT0_297                                          5      4.019     1.428        5.446 
    uu_cell_PC          wchb_cell_INIT1h1                                            7      5.301     2.047        7.348 
      uu_c_element      c_element_INIT1                                              6      5.130     1.638        6.768 
    uu_cell_REG         wchb_cell_INIT1h1_310                                        6      4.446     1.837        6.283 
      uu_c_element      c_element_INIT1_302                                          5      4.275     1.428        5.703 
    uu_dly_DE_EM        delay_DELAY32                                               32     13.680    12.692       26.372 
    uu_dly_DE_PC        delay_DELAY45                                               45     19.238    18.015       37.252 
    uu_dly_EM_MW        delay_DELAY5                                                 5      2.138     1.638        3.775 
    uu_dly_FD_J2        delay_DELAY25                                               25     10.688     9.826       20.514 
    uu_dly_L1_L2        delay_DELAY1_304                                             1      0.427     0.000        0.427 
    uu_dly_L2_J1        delay_DELAY1_303                                             1      0.427     0.000        0.427 
    uu_dly_MW_REG       delay_DELAY16                                               16      6.840     6.141       12.981 
    uu_dly_PC_FD        delay_DELAY13                                               13      5.558     4.913       10.471 
    uu_dly_PC_L1        delay_DELAY1                                                 1      0.427     0.000        0.427 
    uu_dly_REG_J2       delay_DELAY15                                               15      6.412     5.732       12.144 
    uu_fork_F1          wchb_fork_INIT0                                              5      4.361     1.228        5.589 
      uu_c_element_fork c_element_INIT0_301                                          5      4.361     1.228        5.589 
    uu_fork_F2          wchb_fork_INIT0_311                                          4      3.163     0.819        3.982 
      uu_c_element_fork c_element_INIT0_294                                          4      3.163     0.819        3.982 
    uu_join_J1          wchb_join_INIT0                                              6      4.532     1.837        6.369 
      uu_c_element_join c_element_INIT0_300                                          6      4.532     1.837        6.369 
    uu_join_J2          wchb_join_INIT0_312                                          6      4.532     1.837        6.369 
      uu_c_element_join c_element_INIT0_293                                          6      4.532     1.837        6.369 
  uu_dtpath             ariscv_dtpath_NBW_ACLK6_NBW_INST32_NBW_REGISTER32_        5218   6070.500  3937.079    10007.579 
    uu_dec              ariscv_dec_NBW_INST32_NBW_PC32_NBW_REGISTER32_NBW_        2928   4327.412  2152.753     6480.165 
      uu_ctrl_unit      ctrl_unit                                                   41     18.810    16.440       35.250 
      uu_extend         extend_NBW_INST32_NBW_REGISTER32                            48     24.795    18.529       43.324 
      uu_reg_file       reg_file_NBW_ADDR5_NBW_DATA32                             2662   3985.497  2068.969     6054.466 
    uu_exec             ariscv_exec_NBW_PC32_NBW_REGISTER32_NBW_ADDR5             1817   1134.841  1119.287     2254.129 
      uu_alu            alu_NBW_DATA32                                            1377    727.434   882.966     1610.400 
    uu_fetch            ariscv_fetch_NBW_INST32_NBW_PC32                           235    320.796    61.602      382.398 
    uu_mem              ariscv_mem_NBW_REGISTER32_NBW_ADDR5_NBW_PC32               136    209.304     0.000      209.304 
    uu_wb               ariscv_wb_NBW_REGISTER32_NBW_PC32_NBW_ADDR5                102     78.147    53.792      131.939 
