============================================================
  Generated by:           Genus(TM) Synthesis Solution 22.14-s059_1
  Generated on:           Feb 22 2026  11:38:28 am
  Module:                 ariscv
  Technology libraries:   slow_vdd1v0 1.0
                          physical_cells 
                          slow_vdd1v0 1.0
                          physical_cells 
  Operating conditions:   PVT_0P9V_125C 
  Interconnect mode:      global
  Area mode:              physical library
============================================================

                                  Leakage  
   Gate     Instances    Area   Power (nW)     Library    
----------------------------------------------------------
ADDHX1              2     1.881      0.178    slow_vdd1v0 
AND2X1             81    27.702      2.620    slow_vdd1v0 
AND2X2              3     1.282      0.164    slow_vdd1v0 
AND2X6             57    53.608     10.744    slow_vdd1v0 
AND3X2              1     0.684      0.053    slow_vdd1v0 
AND3X4              1     0.769      0.119    slow_vdd1v0 
AND3X6              1     1.111      0.190    slow_vdd1v0 
AND3XL              3     1.539      0.073    slow_vdd1v0 
AND4X1             64    38.304      3.928    slow_vdd1v0 
AO21X1             29    17.357      1.154    slow_vdd1v0 
AO21X2              1     0.684      0.064    slow_vdd1v0 
AO21X4              3     2.565      0.396    slow_vdd1v0 
AO22X1            554   378.936     23.034    slow_vdd1v0 
AOI211X2            3     2.565      0.267    slow_vdd1v0 
AOI21X1            47    20.093      1.797    slow_vdd1v0 
AOI21X2             5     3.420      0.403    slow_vdd1v0 
AOI21X4             6     7.695      1.054    slow_vdd1v0 
AOI21XL             1     0.427      0.021    slow_vdd1v0 
AOI221X1          354   211.869     22.153    slow_vdd1v0 
AOI221X2            2     2.223      0.214    slow_vdd1v0 
AOI221X4            1     1.966      0.248    slow_vdd1v0 
AOI222X1           65    50.017      4.271    slow_vdd1v0 
AOI22X1           165    84.645      7.185    slow_vdd1v0 
AOI22X2            11    10.345      0.972    slow_vdd1v0 
AOI22X4             2     3.078      0.382    slow_vdd1v0 
AOI22XL           128    65.664      2.769    slow_vdd1v0 
AOI2BB1X1          11     5.643      0.487    slow_vdd1v0 
AOI2BB1X2           3     2.308      0.268    slow_vdd1v0 
AOI2BB2X1           4     3.420      0.250    slow_vdd1v0 
AOI2BB2X2           1     1.282      0.108    slow_vdd1v0 
AOI31X1             1     0.513      0.036    slow_vdd1v0 
AOI31X2             4     3.420      0.362    slow_vdd1v0 
AOI31X4             1     1.625      0.195    slow_vdd1v0 
AOI32X2             1     1.111      0.095    slow_vdd1v0 
BUFX12              1     1.282      0.370    slow_vdd1v0 
BUFX16              1     1.710      0.492    slow_vdd1v0 
BUFX2             164    70.110      8.823    slow_vdd1v0 
BUFX20              1     2.052      0.621    slow_vdd1v0 
BUFX3              19     9.747      1.688    slow_vdd1v0 
BUFX4               4     2.394      0.457    slow_vdd1v0 
BUFX6              14    10.773      2.644    slow_vdd1v0 
CLKAND2X12          1     1.881      0.372    slow_vdd1v0 
CLKAND2X2          24    12.312      1.377    slow_vdd1v0 
CLKAND2X3          27    20.776      2.656    slow_vdd1v0 
CLKAND2X6           6     7.182      1.246    slow_vdd1v0 
CLKBUFX2            4     1.710      0.213    slow_vdd1v0 
CLKBUFX3          160    82.080     14.234    slow_vdd1v0 
CLKINVX12           8     8.208      2.371    slow_vdd1v0 
CLKINVX16           5     6.840      1.982    slow_vdd1v0 
CLKINVX20           1     1.625      0.495    slow_vdd1v0 
CLKINVX4            5     2.138      0.470    slow_vdd1v0 
CLKINVX6           13     7.780      1.880    slow_vdd1v0 
CLKINVX8            8     6.156      1.550    slow_vdd1v0 
CLKMX2X2           24    18.468      1.783    slow_vdd1v0 
CLKMX2X3            1     1.026      0.124    slow_vdd1v0 
CLKXOR2X1          47    32.148      2.777    slow_vdd1v0 
DFFRHQX1          464   714.096     62.084    slow_vdd1v0 
DFFRHQX2           17    33.430      2.656    slow_vdd1v0 
DFFRHQX4           52   124.488     11.995    slow_vdd1v0 
DFFRHQX8            2     5.643      0.745    slow_vdd1v0 
DFFRX1              5     8.550      0.673    slow_vdd1v0 
DFFRX2              7    13.167      1.322    slow_vdd1v0 
INVX1             101    17.271      2.108    slow_vdd1v0 
INVX2              19     4.873      0.821    slow_vdd1v0 
INVX3               8     2.736      0.544    slow_vdd1v0 
INVX6               4     2.394      0.580    slow_vdd1v0 
INVXL              10     1.710      0.106    slow_vdd1v0 
MX2X1             187   111.919      9.675    slow_vdd1v0 
MX3XL              10    11.970      0.683    slow_vdd1v0 
MXI2X1             23    15.732      1.180    slow_vdd1v0 
MXI2X2              6     6.669      0.509    slow_vdd1v0 
MXI3XL              1     1.454      0.084    slow_vdd1v0 
NAND2BX1           46    15.732      1.784    slow_vdd1v0 
NAND2BX2           12     7.182      0.769    slow_vdd1v0 
NAND2BX4            5     4.702      0.637    slow_vdd1v0 
NAND2X1           194    49.761      6.560    slow_vdd1v0 
NAND2X2            55    23.512      2.859    slow_vdd1v0 
NAND2X4            19    16.245      2.337    slow_vdd1v0 
NAND2X6            10    11.970      1.751    slow_vdd1v0 
NAND3BX1            3     1.539      0.120    slow_vdd1v0 
NAND3BX2            3     2.308      0.242    slow_vdd1v0 
NAND3X1            64    27.360      3.297    slow_vdd1v0 
NAND3X2             1     0.684      0.053    slow_vdd1v0 
NAND3X8             1     2.052      0.192    slow_vdd1v0 
NOR2BX1           110    37.620      4.204    slow_vdd1v0 
NOR2BX2             9     6.156      0.569    slow_vdd1v0 
NOR2BX4            15    14.107      2.178    slow_vdd1v0 
NOR2X1             74    18.981      1.848    slow_vdd1v0 
NOR2X2             47    20.093      2.683    slow_vdd1v0 
NOR2X4             20    15.390      2.405    slow_vdd1v0 
NOR2X6             11    11.286      1.955    slow_vdd1v0 
NOR2X8              2     2.736      0.387    slow_vdd1v0 
NOR3BX1            12     6.156      0.474    slow_vdd1v0 
NOR3BX2             1     0.855      0.058    slow_vdd1v0 
NOR3X1              2     0.855      0.053    slow_vdd1v0 
NOR3X2              2     1.368      0.096    slow_vdd1v0 
NOR3X8              1     2.223      0.184    slow_vdd1v0 
NOR4X2              4     3.420      0.232    slow_vdd1v0 
NOR4X4              1     1.625      0.078    slow_vdd1v0 
OA21X1             36    18.468      1.424    slow_vdd1v0 
OA21X4              1     0.941      0.129    slow_vdd1v0 
OA22X1              7     4.190      0.292    slow_vdd1v0 
OAI211X2            1     1.026      0.075    slow_vdd1v0 
OAI21X1            57    24.367      2.101    slow_vdd1v0 
OAI21X2            14    10.773      1.132    slow_vdd1v0 
OAI21X4             3     3.591      0.515    slow_vdd1v0 
OAI221X2            1     1.197      0.109    slow_vdd1v0 
OAI22X1             6     3.078      0.229    slow_vdd1v0 
OAI22X2             6     5.130      0.531    slow_vdd1v0 
OAI2BB1X1         103    44.032      4.505    slow_vdd1v0 
OAI2BB1X2          12     9.234      0.950    slow_vdd1v0 
OAI2BB1X4           1     1.111      0.158    slow_vdd1v0 
OAI2BB2X2           2     2.736      0.199    slow_vdd1v0 
OAI31X1             8     4.104      0.313    slow_vdd1v0 
OAI32X1             1     0.599      0.048    slow_vdd1v0 
OAI32X2             1     1.111      0.126    slow_vdd1v0 
OR2X1             166    56.772      6.265    slow_vdd1v0 
OR2X2               4     1.710      0.236    slow_vdd1v0 
OR2X4               1     0.684      0.135    slow_vdd1v0 
OR2X6              63    59.252     12.590    slow_vdd1v0 
OR2X8               1     1.111      0.287    slow_vdd1v0 
OR3X1              21    10.773      0.821    slow_vdd1v0 
OR4X1              10     5.130      0.416    slow_vdd1v0 
SDFFRHQX1           4     8.208      0.702    slow_vdd1v0 
SDFFRHQX4        1020  3139.560    281.468    slow_vdd1v0 
TLATNXL             1     1.368      0.082    slow_vdd1v0 
TLATXL             11    15.048      0.904    slow_vdd1v0 
XNOR2X1            84    50.274      5.222    slow_vdd1v0 
XOR3XL              1     1.881      0.158    slow_vdd1v0 
----------------------------------------------------------
total            5441  6187.635    590.769                


                                           Leakage  Leakage 
     Type      Instances   Area   Area % Power (nW) Power % 
------------------------------------------------------------
sequential          1583 4063.559   65.7    362.632    61.4 
inverter             182   61.731    1.0     12.906     2.2 
buffer               368  181.858    2.9     29.541     5.0 
logic               3308 1880.487   30.4    185.689    31.4 
physical_cells         0    0.000    0.0      0.000     0.0 
------------------------------------------------------------
total               5441 6187.635  100.0    590.769   100.0 

