============================================================
  Generated by:           Genus(TM) Synthesis Solution 22.14-s059_1
  Generated on:           Mar 07 2026  11:57:31 am
  Module:                 ariscv
  Technology libraries:   slow_vdd1v0 1.0
                          physical_cells 
                          slow_vdd1v0 1.0
                          physical_cells 
  Operating conditions:   PVT_0P9V_125C 
  Interconnect mode:      global
  Area mode:              physical library
============================================================

     Instance                            Module                        Cell Count  Cell Area  Net Area   Total Area 
--------------------------------------------------------------------------------------------------------------------
ariscv                                                                       6928   7077.519  5069.646    12147.165 
  uu_dtpath        ariscv_dtpath_NBW_ACLK6_NBW_INST32_NBW_REGISTER32_        6928   7077.519  4971.783    12049.302 
    uu_dec         ariscv_dec_NBW_INST32_NBW_PC32_NBW_REGISTER32_NBW_        2911   3432.910  2210.104     5643.014 
      uu_ctrl_unit ctrl_unit                                                   41     16.416    16.839       33.255 
      uu_extend    extend_NBW_INST32_NBW_REGISTER32                            48     23.341    18.728       42.070 
      uu_reg_file  reg_file_NBW_ADDR5_NBW_DATA32                             2431   2917.003  2006.306     4923.309 
    uu_exec        ariscv_exec_NBW_PC32_NBW_REGISTER32_NBW_ADDR5             3147   2679.399  1924.747     4604.146 
      uu_alu       alu_NBW_DATA32                                            2260   1910.326  1404.266     3314.593 
    uu_fetch       ariscv_fetch_NBW_INST32_NBW_PC32                           474    514.197   217.571      731.768 
    uu_mem         ariscv_mem_NBW_REGISTER32_NBW_ADDR5_NBW_PC32               136    215.716     0.000      215.716 
    uu_wb          ariscv_wb_NBW_REGISTER32_NBW_PC32_NBW_ADDR5                119    104.395    61.151      165.546 
