============================================================
  Generated by:           Genus(TM) Synthesis Solution 22.14-s059_1
  Generated on:           Mar 07 2026  11:47:20 am
  Module:                 ariscv
  Technology libraries:   slow_vdd1v0 1.0
                          physical_cells 
                          slow_vdd1v0 1.0
                          physical_cells 
  Operating conditions:   PVT_0P9V_125C 
  Interconnect mode:      global
  Area mode:              physical library
============================================================

                                  Leakage  
   Gate     Instances    Area   Power (nW)     Library    
----------------------------------------------------------
ADDHX1              2     1.881      0.183    slow_vdd1v0 
AND2X1            262    89.604     10.500    slow_vdd1v0 
AND2X2              3     1.282      0.163    slow_vdd1v0 
AND2X6             74    69.597     13.931    slow_vdd1v0 
AND3X1              1     0.599      0.032    slow_vdd1v0 
AND3X6              1     1.111      0.190    slow_vdd1v0 
AO21X1             32    19.152      1.273    slow_vdd1v0 
AO21X4              2     1.710      0.265    slow_vdd1v0 
AO22X1            171   116.964      7.078    slow_vdd1v0 
AO22X4              1     0.941      0.142    slow_vdd1v0 
AOI211X2            3     2.565      0.267    slow_vdd1v0 
AOI21X1            42    17.955      1.582    slow_vdd1v0 
AOI21X2             6     4.104      0.494    slow_vdd1v0 
AOI21X4             7     8.977      1.230    slow_vdd1v0 
AOI221X1          125    74.812      7.698    slow_vdd1v0 
AOI221X2            2     2.223      0.222    slow_vdd1v0 
AOI222X1            1     0.769      0.064    slow_vdd1v0 
AOI222X2           64    87.552      8.703    slow_vdd1v0 
AOI22X1           748   383.724     32.991    slow_vdd1v0 
AOI22X2            17    15.989      1.524    slow_vdd1v0 
AOI22X4             3     4.617      0.572    slow_vdd1v0 
AOI2BB1X1           9     4.617      0.429    slow_vdd1v0 
AOI2BB1X2           3     2.308      0.278    slow_vdd1v0 
AOI2BB2X2           4     5.130      0.458    slow_vdd1v0 
AOI2BB2X4           2     3.762      0.469    slow_vdd1v0 
AOI31X1             3     1.539      0.107    slow_vdd1v0 
AOI31X2             3     2.565      0.271    slow_vdd1v0 
BUFX2             168    71.820      9.037    slow_vdd1v0 
BUFX20              1     2.052      0.621    slow_vdd1v0 
BUFX3               1     0.513      0.089    slow_vdd1v0 
BUFX6               1     0.769      0.189    slow_vdd1v0 
CLKAND2X12          3     5.643      1.123    slow_vdd1v0 
CLKAND2X2          13     6.669      0.755    slow_vdd1v0 
CLKAND2X3           2     1.539      0.191    slow_vdd1v0 
CLKAND2X6          20    23.940      4.209    slow_vdd1v0 
CLKBUFX12           1     1.282      0.366    slow_vdd1v0 
CLKBUFX2            1     0.427      0.054    slow_vdd1v0 
CLKBUFX20           1     2.052      0.625    slow_vdd1v0 
CLKINVX12           6     6.156      1.776    slow_vdd1v0 
CLKINVX16           4     5.472      1.582    slow_vdd1v0 
CLKINVX20           2     3.249      1.001    slow_vdd1v0 
CLKINVX4            3     1.282      0.283    slow_vdd1v0 
CLKINVX6            2     1.197      0.289    slow_vdd1v0 
CLKINVX8            2     1.539      0.387    slow_vdd1v0 
CLKMX2X2            9     6.925      0.667    slow_vdd1v0 
CLKMX2X3            4     4.104      0.477    slow_vdd1v0 
CLKXOR2X1          19    12.996      1.158    slow_vdd1v0 
DFFRHQX1          509   783.351     68.068    slow_vdd1v0 
DFFRHQX2            4     7.866      0.628    slow_vdd1v0 
DFFRHQX4           13    31.122      3.043    slow_vdd1v0 
DFFRX2             21    39.501      3.910    slow_vdd1v0 
INVX1              86    14.706      1.788    slow_vdd1v0 
INVX2               9     2.308      0.386    slow_vdd1v0 
INVX3               3     1.026      0.201    slow_vdd1v0 
INVX6               2     1.197      0.290    slow_vdd1v0 
INVXL               8     1.368      0.085    slow_vdd1v0 
MX2X1             292   174.762     15.134    slow_vdd1v0 
MX3XL              17    20.349      1.156    slow_vdd1v0 
MX4XL               1     1.796      0.085    slow_vdd1v0 
MXI2X1             25    17.100      1.276    slow_vdd1v0 
MXI2X2             13    14.449      1.122    slow_vdd1v0 
NAND2BX1           44    15.048      1.705    slow_vdd1v0 
NAND2BX2           10     5.985      0.640    slow_vdd1v0 
NAND2BX4            3     2.821      0.386    slow_vdd1v0 
NAND2BXL            2     0.684      0.053    slow_vdd1v0 
NAND2X1            58    14.877      1.586    slow_vdd1v0 
NAND2X2            50    21.375      2.664    slow_vdd1v0 
NAND2X4             9     7.695      0.922    slow_vdd1v0 
NAND2X6            13    15.561      1.748    slow_vdd1v0 
NAND2X8             7     9.576      1.327    slow_vdd1v0 
NAND3BX1            5     2.565      0.211    slow_vdd1v0 
NAND3BX2            3     2.308      0.226    slow_vdd1v0 
NAND3X1            33    14.107      1.782    slow_vdd1v0 
NAND3X2            67    45.828      7.071    slow_vdd1v0 
NAND3X4             1     1.197      0.101    slow_vdd1v0 
NAND3X8             1     2.052      0.192    slow_vdd1v0 
NAND4X2            97    91.228     14.520    slow_vdd1v0 
NOR2BX1           109    37.278      4.220    slow_vdd1v0 
NOR2BX2             9     6.156      0.474    slow_vdd1v0 
NOR2BX4             7     6.583      0.869    slow_vdd1v0 
NOR2X1             62    15.903      1.702    slow_vdd1v0 
NOR2X2             38    16.245      2.066    slow_vdd1v0 
NOR2X4             17    13.082      1.976    slow_vdd1v0 
NOR2X6             11    11.286      1.750    slow_vdd1v0 
NOR2X8              1     1.368      0.254    slow_vdd1v0 
NOR3BX1             5     2.565      0.197    slow_vdd1v0 
NOR3BX2            10     8.550      0.661    slow_vdd1v0 
NOR3X1              6     2.565      0.176    slow_vdd1v0 
NOR3X2              1     0.684      0.055    slow_vdd1v0 
NOR3X6              2     3.591      0.385    slow_vdd1v0 
NOR3X8              1     2.223      0.184    slow_vdd1v0 
NOR4X2              3     2.565      0.150    slow_vdd1v0 
NOR4X4              1     1.625      0.077    slow_vdd1v0 
OA21X1             50    25.650      2.024    slow_vdd1v0 
OA22X1             17    10.175      0.714    slow_vdd1v0 
OAI211X2            1     1.026      0.075    slow_vdd1v0 
OAI21X1            75    32.062      2.812    slow_vdd1v0 
OAI21X2            20    15.390      1.594    slow_vdd1v0 
OAI21X4             3     3.591      0.516    slow_vdd1v0 
OAI221X2            7     8.379      0.724    slow_vdd1v0 
OAI222X2            4     5.814      0.445    slow_vdd1v0 
OAI22X1             1     0.513      0.041    slow_vdd1v0 
OAI22X2             9     7.695      0.782    slow_vdd1v0 
OAI2BB1X1          90    38.475      3.863    slow_vdd1v0 
OAI2BB1X2           9     6.925      0.701    slow_vdd1v0 
OAI2BB1X4           1     1.111      0.183    slow_vdd1v0 
OAI2BB2X4          13    27.788      2.938    slow_vdd1v0 
OAI31X1             8     4.104      0.313    slow_vdd1v0 
OAI32X1             1     0.599      0.048    slow_vdd1v0 
OAI32X4             1     2.052      0.265    slow_vdd1v0 
OR2X1              39    13.338      1.372    slow_vdd1v0 
OR2X2               4     1.710      0.236    slow_vdd1v0 
OR2X4               4     2.736      0.494    slow_vdd1v0 
OR2X6              58    54.549     11.737    slow_vdd1v0 
OR3X1              82    42.066      3.600    slow_vdd1v0 
OR4X1              10     5.130      0.416    slow_vdd1v0 
SDFFRHQX1         994  2039.688    175.159    slow_vdd1v0 
SDFFRHQX2           1     2.479      0.198    slow_vdd1v0 
SDFFRHQX4          27    83.106      7.424    slow_vdd1v0 
SDFFRX4             2     6.669      0.701    slow_vdd1v0 
TLATX1             12    16.416      1.354    slow_vdd1v0 
XNOR2X1            88    52.668      5.506    slow_vdd1v0 
XNOR3X1             1     1.881      0.173    slow_vdd1v0 
XOR2X1              1     0.684      0.063    slow_vdd1v0 
----------------------------------------------------------
total            5176  5096.228    489.968                


                                           Leakage  Leakage 
     Type      Instances   Area   Area % Power (nW) Power % 
------------------------------------------------------------
sequential          1583 3010.199   59.1    260.486    53.2 
inverter             127   39.501    0.8      8.068     1.6 
buffer               174   78.916    1.5     10.981     2.2 
logic               3292 1967.611   38.6    210.433    42.9 
physical_cells         0    0.000    0.0      0.000     0.0 
------------------------------------------------------------
total               5176 5096.228  100.0    489.968   100.0 

