============================================================
  Generated by:           Genus(TM) Synthesis Solution 22.14-s059_1
  Generated on:           Jan 28 2026  08:59:48 pm
  Module:                 ariscv
  Technology libraries:   slow_vdd1v0 1.0
                          physical_cells 
                          slow_vdd1v0 1.0
                          physical_cells 
  Operating conditions:   PVT_0P9V_125C 
  Interconnect mode:      global
  Area mode:              physical library
============================================================

Timing
--------

Clock  Period 
--------------
clk   10000.0 


  Cost    Critical         Violating 
 Group   Path Slack  TNS     Paths   
-------------------------------------
clk            13.8   0.0          0 
default    No paths   0.0            
-------------------------------------
Total                 0.0          0 

Instance Count
--------------
Leaf Instance Count             6039 
Physical Instance count            0 
Sequential Instance Count       1581 
Combinational Instance Count    4458 
Hierarchical Instance Count        1 

Area
----
Cell Area                          5681.903
Physical Cell Area                 0.000
Total Cell Area (Cell+Physical)    5681.903
Net Area                           4416.228
Total Area (Cell+Physical+Net)     10098.131

Runtime                            0.0 seconds
Elapsed Runtime                    132 seconds
Genus peak memory usage            1648.31 
Innovus peak memory usage          no_value 
Hostname                           microeletronica
