                          CONFORMAL (R)
                   Version 23.10-s300 (30-Aug-2023) (64 bit executable)
   Copyright (c) Cadence Design Systems, Inc., 1997-2023. All Rights Reserved


This program is proprietary and confidential information belonging to
Cadence Design Systems, Inc., and may be used and disclosed only as authorized
in a license agreement controlling such use and disclosure.

// Warning: This version is 882 days old. You can download the latest version from http://downloads.cadence.com.

0
// Command: usage -auto -elapse
CPU time     : 0.09    seconds
Elapse time  : 0       seconds
Memory usage : 79.66   M bytes
0
// Command: set_mapping_method -sensitive
0
// Command: set_verification_information fv_map_ariscv_netlistv_db
// Verification information is set to /home/vinicius.franca/workarea/riscv-async-tcc/workspace/fv_map_ariscv_netlistv_db.
0
// Command: read_implementation_information fv/ariscv -golden fv_map -revised ariscv_netlistv
// Reading implementation information from fv/ariscv ...
// Note: Implementation information 'fv_map.fv.json' will be used
// Note: Implementation information 'ariscv_netlistv.fv.json' will be used
================================================================================
          Information Category                         Count
--------------------------------------------------------------------------------
     Sequential instance phase                          3162
       Sequential optimization                             0
        Sequential duplication                             0
         Boundary optimization                            68
            Synthesis equation                             0
    Combinational loop breaker                             0
                       Mapping                             0
================================================================================
// Note: Read implementation information successfully.
0
// Command: set_parallel_option -threads 1,4 -norelease_license
// Number of threads is set to 1,4.
0
// Command: set_compare_options -threads 1,4
Set computing threads of compare to 1,4.
0
// Command: set env(RC_VERSION)     "22.14-s059_1"
22.14-s059_1
// Command: set env(CDN_SYNTH_ROOT) "/Tools/cadence/DDI221/GENUS221/tools.lnx86"
/Tools/cadence/DDI221/GENUS221/tools.lnx86
// Command: set CDN_SYNTH_ROOT      "/Tools/cadence/DDI221/GENUS221/tools.lnx86"
/Tools/cadence/DDI221/GENUS221/tools.lnx86
// Command: set env(CW_DIR) "/Tools/cadence/DDI221/GENUS221/tools.lnx86/lib/chipware"
/Tools/cadence/DDI221/GENUS221/tools.lnx86/lib/chipware
// Command: set CW_DIR      "/Tools/cadence/DDI221/GENUS221/tools.lnx86/lib/chipware"
/Tools/cadence/DDI221/GENUS221/tools.lnx86/lib/chipware
// Command: set lec_version_required "21.20249"
21.20249
// Command: if { ($lec_version < $lec_version_required) &&
//              [file exists /Tools/cadence/DDI221/GENUS221/tools.lnx86/lib/chipware/old_encrypt_sim]} {
//              set env(CW_DIR_SIM) "/Tools/cadence/DDI221/GENUS221/tools.lnx86/lib/chipware/old_encrypt_sim"
//              set CW_DIR_SIM      "/Tools/cadence/DDI221/GENUS221/tools.lnx86/lib/chipware/old_encrypt_sim"
//          } else {
//              set env(CW_DIR_SIM) "/Tools/cadence/DDI221/GENUS221/tools.lnx86/lib/chipware/sim"
//              set CW_DIR_SIM      "/Tools/cadence/DDI221/GENUS221/tools.lnx86/lib/chipware/sim"
//          }
/Tools/cadence/DDI221/GENUS221/tools.lnx86/lib/chipware/sim
// Command: set_multiplier_implementation boothrca -both
0
// Command: set_undefined_cell black_box -noascend -both
0
// Command: add_search_path /Tools/pdks/gpdk045_v_6_0/gsclib045_all_v4_4/ -library -both
0
// Command: read_library -liberty -both \
//              /Tools/pdks/gpdk045_v_6_0/gsclib045_all_v4_4/gsclib045/timing/slow_vdd1v0_basicCells.lib \
//              /Tools/pdks/gpdk045_v_6_0/gsclib045_all_v4_4/gsclib045/timing/slow_vdd1v0_basicCells.lib
// Parsing file /Tools/pdks/gpdk045_v_6_0/gsclib045_all_v4_4/gsclib045/timing/slow_vdd1v0_basicCells.lib ...
// Parsing file /Tools/pdks/gpdk045_v_6_0/gsclib045_all_v4_4/gsclib045/timing/slow_vdd1v0_basicCells.lib ...
// Note: (FIL1.8) File read in multiple times (occurrence:1)
// Warning: (RTL9.16) Duplicated operating_condition, the second one is ignored (occurrence:1)
// Warning: (RTL9.17) Cell doesn't have any output pins or all output pins are undriven (blackboxed) (occurrence:20)
// Note: (RTL9.26) Liberty pin with internal_node use default input_map (occurrence:32)
// Warning: (IGN3.2) Duplicate modules/entities are detected. Subsequent modules/entities are ignored (occurrence:489)
// Note: Read Liberty library successfully
0
CPU time     : 0.43    seconds
Elapse time  : 1       seconds
Memory usage : 116.81  M bytes
// Command: read_design -verilog95   -golden -lastmod -noelab fv/ariscv/fv_map.v.gz
// Parsing file fv/ariscv/fv_map.v.gz ...
0
CPU time     : 0.58    seconds
Elapse time  : 1       seconds
Memory usage : 130.75  M bytes
// Command: elaborate_design -golden -root {ariscv}
// Golden root module is set to 'ariscv'
// Warning: (RTL14) Signal has input but it has no output (occurrence:1018)
// Warning: (HRC3.10a) An input port is declared, but it is not completely used in the module (occurrence:71)
0
// Command: read_design -verilog95   -revised -lastmod -noelab ../structural/ariscv_netlist.v
// Parsing file ../structural/ariscv_netlist.v ...
0
CPU time     : 0.83    seconds
Elapse time  : 1       seconds
Memory usage : 139.57  M bytes
// Command: elaborate_design -revised -root {ariscv}
// Revised root module is set to 'ariscv'
// Warning: (RTL2.5) Net is referenced without an assignment. Design verification will be based on set_undriven_signal setting (occurrence:5)
// Warning: (RTL2.13) Undriven pin is detected (occurrence:1)
// Warning: (RTL14) Signal has input but it has no output (occurrence:1003)
// Warning: (RTL14.1) Fanout load of the signal is removed (occurrence:2)
// Warning: (HRC3.10a) An input port is declared, but it is not completely used in the module (occurrence:5)
// Warning: There are 1 undriven nets in Revised
// Warning: There are 1 undriven pins in Revised
0
CPU time     : 0.93    seconds
Elapse time  : 1       seconds
Memory usage : 137.11  M bytes
// Command: report_design_data
============================================
Summary           Golden         Revised
============================================
Design-modules         6               2
Library-cells       6061            5996
============================================
Primitives      Golden              Revised
============================================
INPUT               66                   66
OUTPUT             101                  101
--------------------------------------------
AND        *      6464                 6467
BUF        *        22                    6
DFF               1581                 1581
INV        *      6534                 6515
NAND       *       662                  654
NOR        *      1344                 1319
OR         *      2182                 2186
WIRE                 1                    1
XNOR       *        73                   74
XOR        *        65                   70
--------------------------------------------
Total            18928                18873

0
// Command: report_black_box
0
// Command: set_flatten_model -seq_constant
0
// Command: set_flatten_model -seq_constant_x_to 0
0
// Command: set_flatten_model -nodff_to_dlat_zero
0
// Command: set_flatten_model -nodff_to_dlat_feedback
0
// Command: set_flatten_model -hier_seq_merge
0
// Command: set lec_version_required "20.10100"
20.10100
// Command: if {$lec_version >= $lec_version_required} {
//              check_verification_information
//          }
// Command: check_verification_information
Checking Sequential constant...
Checking Sequential merge...
Checking Synthesis equation...
================================================================================
Implementation Information Check Summary: 
--------------------------------------------------------------------------------
Total Sequential Constants:     0
  Name Collision:               0
  Name Ambiguous:               0
  Name not Found:               0
--------------------------------------------------------------------------------
Total Sequential Merges:        0
  Name Collision:               0
  Name Ambiguous:               0
  Name not Found:               0
  Merge Target:
    Name Ambiguous:             0
    Name not Found:             0
--------------------------------------------------------------------------------
Total Synthesis Equations:      0
  Module not Found:             0
  Equation Conflict:            0
  Equation Syntax Error:        0
No Equation Modules:            0
================================================================================
0
// Command: set_analyze_option -auto -report_map
0
// Command: set_system_mode lec
// Processing Golden ...
// Modeling Golden ...
// Processing Revised ...
// Modeling Revised ...
// Balanced modeling (auto) mapped 3162 out of 3162 DFF/DLATs
// (F28) Converted 1 internal output port(s) to inout port(s)
CPU time     : 2.83    seconds
Elapse time  : 3       seconds
Memory usage : 170.36  M bytes
// Mapping key points ...
================================================================================
Mapped points: SYSTEM class
--------------------------------------------------------------------------------
Mapped points     PI     PO     DFF       Total   
--------------------------------------------------------------------------------
Golden            66     101    1581      1748    
--------------------------------------------------------------------------------
Revised           66     101    1581      1748    
================================================================================
CPU time     : 3.73    seconds
Elapse time  : 4       seconds
Memory usage : 172.06  M bytes
// Running automatic setup...
================================================================================
Mapped points: SYSTEM class
--------------------------------------------------------------------------------
Mapped points     PI     PO     DFF       Total   
--------------------------------------------------------------------------------
Golden            66     101    1581      1748    
--------------------------------------------------------------------------------
Revised           66     101    1581      1748    
================================================================================
// Automatic setup finished.
0
CPU time     : 4.55    seconds
Elapse time  : 5       seconds
Memory usage : 172.06  M bytes
// Command: report_unmapped_points -summary
There is no unmapped point
0
// Command: report_unmapped_points -notmapped
There is no unmapped point
0
// Command: add_compared_points -all
// 1682 compared points added to compare list
0
// Command: compare
================================================================================
Compared points      PO     DFF       Total   
--------------------------------------------------------------------------------
Equivalent           101    1581      1682    
================================================================================
0
CPU time     : 10.66   seconds
Elapse time  : 13      seconds
Memory usage : 179.46  M bytes
// Command: report_compare_data -class nonequivalent -class abort -class notcompared
0 Non-equivalent point(s) reported
0 Abort point(s) reported
0 Not-compared point(s) reported
0 compared point(s) reported
================================================================================
Compared points      PO     DFF       Total   
--------------------------------------------------------------------------------
Equivalent           101    1581      1682    
================================================================================
0
// Command: report_verification -verbose
================================================================================
                            Verification Report
--------------------------------------------------------------------------------
Category                                                                  Count
--------------------------------------------------------------------------------
1. Non-standard modeling options used:                                      0
     Tri-stated output:                                        checked
     Revised X signals set to E:                               yes
     Floating signals tied to Z:                               yes
     Command "add clock" for clock-gating:                     not used
--------------------------------------------------------------------------------
2. Incomplete verification:                                                 0
     All primary outputs are mapped:                           yes
     Not-mapped DFF/DLAT is detected:                          no
     All mapped points are added as compare points:            yes
     All compared points are compared:                         yes
     User added black box:                                     no
     Black box mapped with different module name:              no
     Empty module is not black boxed:                          no
     Command "add ignore outputs" used:                        no
     Always false constraints detected:                        no
--------------------------------------------------------------------------------
3. User modification to design:                                             0
     Change gate type:                                         no
     Change wire:                                              no
     Primary input added by user:                              no
--------------------------------------------------------------------------------
4. Conformal Constraint Designer clock domain crossing checks recommended:  0
     Multiple clocks in the design:                            no
--------------------------------------------------------------------------------
5. Design ambiguity:                                                        1
     Duplicate module definition:                              yes *
     Black box due to undefined cells:                         no
     Golden design has abnormal ratio of unreachable gates:    no
     Ratio of golden unreachable gates:                        0%
     Revised design has abnormal ratio of unreachable gates:   no
     Ratio of revised unreachable gates:                       0%
     All primary input bus ordering is consistent:             yes
     All primary output bus ordering is consistent:            yes
     DFF/DLAT not compared due to disabled clock port(s):        0
     Always X compared point is detected:                      not checked
--------------------------------------------------------------------------------
6. Compare Results:                                                        PASS
     Number of EQ compare points:                              1682
     Number of NON-EQ compare points:                          0
     Number of Aborted compare points:                         0
     Number of Uncompared compare points :                     0
================================================================================
pass
// Command: report_statistics
Mapping and compare statistics
================================================================================
                     Compare Result       Golden            Revised
--------------------------------------------------------------------------------
Root module name                          ariscv            ariscv            

Primary inputs                                66                 66
   Mapped                                     66                 66

Primary outputs                              101                101
   Mapped                                    101                101
      Equivalent                101

State key points                            1581               1581
   Mapped                                   1581               1581
      Equivalent               1581
================================================================================
0
// Command: write_compared_points noneq.compared_points.ariscv.fv_map.ariscv_netlistv.tcl -class noneq -tclmode -replace
0
// Command: set lec_version_required "21.10100"
21.10100
// Command: if {$lec_version >= $lec_version_required} {
//              analyze_nonequivalent -source_diagnosis
//              report_nonequivalent_analysis > noneq.source_diag.ariscv.fv_map.ariscv_netlistv.rpt
//          }
// Command: analyze_nonequivalent -source_diagnosis
// Warning: Non-equivalent points do not exist.
// Command: report_nonequivalent_analysis > noneq.source_diag.ariscv.fv_map.ariscv_netlistv.rpt
0
// Command: report_test_vector -noneq > noneq.test_vector.ariscv.fv_map.ariscv_netlistv.rpt
0
// Command: write_verification_information
// Verification information is written to fv_map_ariscv_netlistv_db.
0
// Command: report_verification_information
// Generating reports on verification information at /home/vinicius.franca/workarea/riscv-async-tcc/workspace/fv_map_ariscv_netlistv_db...
LEC run scores:
================================================================================
Step                Score     Range          
--------------------------------------------------------------------------------
result_status       10        10             
runtime             10        10             
mapping             10        10             
sequential_constant 5         10             
sequential_merge    5         10             
sequential_phase    10        10             
datapath_analysis   5         10             
combinational_loop  5         10             
mismatch_detection  5         10             
overall             65        90             
================================================================================
LEC results versus attributes:
================================================================================
Attribute           Total     Inconsistency  Combined Table                
--------------------------------------------------------------------------------
sequential_constant 0         0                                            
sequential_merge    0         0                                            
sequential_phase    1581      0              sequential_phase.json         
================================================================================
The tables can be viewed directly using web interface.
// Done with reporting verification information.
0
// Command: set lec_version_required "18.20330"
18.20330
// Command: if {$lec_version >= $lec_version_required} {
//              report_implementation_information
//          }
// Command: report_implementation_information
// Reporting implementation information...
// Information summary:
================================================================================
        Information Category     Total      Used    Unused  Rejected     Abort
--------------------------------------------------------------------------------
   Sequential instance phase      3162      3162         0         0         0
               Phase mapping         0         0         0         0         0
         Sequential constant         0         0         0         0         0
            Sequential merge         0         0         0         0         0
      Sequential unreachable         0         0         0         0         0
      Sequential duplication         0         0         0         0         0
       Boundary optimization        68         0        68         0         0
          Synthesis equation         0         0         0         0         0
  Combinational loop breaker         0         0         0         0         0
================================================================================
0
// Command: puts "No of compare points = [get_compare_points -count]"
// Command: get_compare_points -count
No of compare points = 1682
// Command: puts "No of diff points    = [get_compare_points -NONequivalent -count]"
// Command: get_compare_points -NONequivalent -count
No of diff points    = 0
// Command: puts "No of abort points   = [get_compare_points -abort -count]"
// Command: get_compare_points -abort -count
No of abort points   = 0
// Command: puts "No of unknown points = [get_compare_points -unknown -count]"
// Command: get_compare_points -unknown -count
No of unknown points = 0
// Command: if {[get_compare_points -count] == 0} {
//              puts "---------------------------------"
//              puts "ERROR: No compare points detected"
//              puts "---------------------------------"
//          }
// Command: get_compare_points -count
// Command: if {[get_compare_points -NONequivalent -count] > 0} {
//              puts "------------------------------------"
//              puts "ERROR: Different Key Points detected"
//              puts "------------------------------------"
//          }
// Command: get_compare_points -NONequivalent -count
// Command: if {[get_compare_points -abort -count] > 0} {
//              puts "-----------------------------"
//              puts "ERROR: Abort Points detected "
//              puts "-----------------------------"
//          }
// Command: get_compare_points -abort -count
// Command: if {[get_compare_points -unknown -count] > 0} {
//              puts "----------------------------------"
//              puts "ERROR: Unknown Key Points detected"
//              puts "----------------------------------"
//          }
// Command: get_compare_points -unknown -count
// Command: set lec_version_required "19.10100"
19.10100
// Command: if {$lec_version >= $lec_version_required} {
//              analyze_results -logfiles $logfile
//          }
// Command: analyze_results -logfiles ../logs/lec/fv_map_to_final.log
// Analyzing logfile '../logs/lec/fv_map_to_final.log'
// Warning: Analyze results collects information from the log file but does not
//          qualify the execution or completeness of the run.
// Logfile Results
================================================================================
|                  Conformal Version |23.10-s300 
|                        Root Module |ariscv 
|                           CPU Time |10 sec
|                       Elapsed Time |13 sec
|                             Memory |179.46 MB
|              Power Grid Comparison |N/A 
|               Power Intent Compare |N/A 
|           Supply Power Consistency |N/A 
|        Retention Power Consistency |N/A 
|             Compare Power Crossing |N/A 
|                     LEC Comparison |PASS 
|                 Flatten Comparison |PASS 
|            Hierarchical Comparison |N/A 
|                      Logfile Lines |436 
|                       Logfile Name |fv_map_to_final.log 
|              Logfile Modified Time |Wed Jan 28 20:52:11 2026 
|         Implementation Information |fv/ariscv 
|       Set Verification Information |/home/vinicius.franca/workarea/riscv-async-tcc/workspace/fv_map_ariscv_netlistv_db 
|      Read Verification Information |N/A 
|                   Analysis Elapsed |0.1 sec
|                    Runtime / #Gate |0.0 sec
|Matched back-to-back isolation cell |N/A 
|            Time-consuming commands | 1. compare: 8s(61.54%) (execute 1 time(s))
|                                    | 2. set system mode: 4s(30.77%) (execute 1 time(s))
|                                    | 3. read library: 1s(7.69%) (execute 1 time(s))
================================================================================
           
// Usage Breakdown Summary
================================================================================
|Command                   |  Total Elapse Time|  Total CPU Time|    Peak Memory
--------------------------------------------------------------------------------
|read library              |                1 s|             0 s|      116.81 MB
|read design -golden       |                0 s|             0 s|      130.75 MB
|read design -revised      |                0 s|             0 s|      139.57 MB
           
// Flatten Comparison Summary:
--------------------------------------------------------------------------------
// Flatten Compare #1
               
// Compare result: Equivalent
// Compare commands:
  1. compare (line: 237)
--------------------------------------------------------------------------------
               
// Resource usages of analysis: Cpu=0.16s Mem=126MB
0
// Command: vpxmode
// Command: exit -f
